Project Information                       c:\sifo\practical\rzu_\register2.rpt

MAX+plus II Compiler Report File
Version 10.0 9/14/2000
Compiled: 04/25/2013 13:07:16

Copyright (C) 1988-2000 Altera Corporation
Any megafunction design, and related net list (encrypted or decrypted),
support information, device programming or simulation file, and any other
associated documentation or information provided by Altera or a partner
under Altera's Megafunction Partnership Program may be used only to
program PLD devices (but not masked PLD devices) from Altera.  Any other
use of such megafunction design, net list, support information, device
programming or simulation file, or any other related documentation or
information is prohibited for any other purpose, including, but not
limited to modification, reverse engineering, de-compiling, or use with
any other silicon devices, unless such use is explicitly licensed under
a separate agreement with Altera or a megafunction partner.  Title to
the intellectual property, including patents, copyrights, trademarks,
trade secrets, or maskworks, embodied in any such megafunction design,
net list, support information, device programming or simulation file, or
any other related documentation or information provided by Altera or a
megafunction partner, remains with Altera, the megafunction partner, or
their respective licensors.  No other licenses, including any licenses
needed under any third party's intellectual property, are provided herein.



***** Project compilation was successful




** DEVICE SUMMARY **

Chip/                     Input   Output   Bidir         Shareable
POF       Device          Pins    Pins     Pins     LCs  Expanders  % Utilized

register2
      EPM7032LC44-6        9        10       0      10      1           31 %

User Pins:                 7        8        0  



Project Information                       c:\sifo\practical\rzu_\register2.rpt

** AUTO GLOBAL SIGNALS **



INFO: Signal '~PIN001' chosen for auto global Output Enable
INFO: Signal '~PIN003' chosen for auto global Output Enable


Project Information                       c:\sifo\practical\rzu_\register2.rpt

** MULTIPLE PIN CONNECTIONS **


For node name 'onA~2' (Same as node '~PIN001')
For node name 'onA~1' (Same as node '~PIN002')
Connect: {register2@44, register2@34}

For node name 'onB~2' (Same as node '~PIN003')
For node name 'onB~1' (Same as node '~PIN004')
Connect: {register2@2,  register2@37}


Device-Specific Information:              c:\sifo\practical\rzu_\register2.rpt
register2

***** Logic for device 'register2' compiled without errors.




Device: EPM7032LC44-6

Device Options:
    Turbo Bit                                    = ON
    Security Bit                                 = OFF

                                               
                          ~     ~              
                          P     P              
                          I     I              
                          N     N              
              o  o     V  0  G  0  G  G  Q  Q  
              n  n     C  0  N  0  N  N  B  B  
              A  B  c  C  3  D  1  D  D  0  1  
            -----------------------------------_ 
          /   6  5  4  3  2  1 44 43 42 41 40   | 
      D3 |  7                                39 | QB2 
      D2 |  8                                38 | QA0 
      D1 |  9                                37 | ~PIN004 
     GND | 10                                36 | QB3 
      D0 | 11                                35 | VCC 
RESERVED | 12         EPM7032LC44-6          34 | ~PIN002 
RESERVED | 13                                33 | QA3 
RESERVED | 14                                32 | QA1 
     VCC | 15                                31 | QA2 
RESERVED | 16                                30 | GND 
RESERVED | 17                                29 | RESERVED 
         |_  18 19 20 21 22 23 24 25 26 27 28  _| 
           ------------------------------------ 
              R  R  R  R  G  V  R  R  R  R  R  
              E  E  E  E  N  C  E  E  E  E  E  
              S  S  S  S  D  C  S  S  S  S  S  
              E  E  E  E        E  E  E  E  E  
              R  R  R  R        R  R  R  R  R  
              V  V  V  V        V  V  V  V  V  
              E  E  E  E        E  E  E  E  E  
              D  D  D  D        D  D  D  D  D  


N.C. = No Connect. This pin has no internal connection to the device.
VCC = Dedicated power pin, which MUST be connected to VCC.
GND = Dedicated ground pin or unused dedicated input, which MUST be connected to GND.
RESERVED = Unused I/O pin, which MUST be left unconnected.



Device-Specific Information:              c:\sifo\practical\rzu_\register2.rpt
register2

** RESOURCE USAGE **

                                                Shareable     External
Logic Array Block     Logic Cells   I/O Pins    Expanders   Interconnect

A:     LC1 - LC16     0/16(  0%)   7/16( 43%)   0/16(  0%)   0/36(  0%) 
B:    LC17 - LC32    10/16( 62%)  10/16( 62%)   1/16(  6%)   7/36( 19%) 


Total dedicated input pins used:                 2/4      ( 50%)
Total I/O pins used:                            17/32     ( 53%)
Total logic cells used:                         10/32     ( 31%)
Total shareable expanders used:                  1/32     (  3%)
Total Turbo logic cells used:                   10/32     ( 31%)
Total shareable expanders not available (n/a):   0/32     (  0%)
Average fan-in:                                  4.20
Total fan-in:                                    42

Total input pins required:                       9
Total output pins required:                     10
Total bidirectional pins required:               0
Total logic cells required:                     10
Total flipflops required:                        8
Total product terms required:                   19
Total logic cells lending parallel expanders:    0
Total shareable expanders in database:           1

Synthesized logic cells:                         0/  32   (  0%)



Device-Specific Information:              c:\sifo\practical\rzu_\register2.rpt
register2

** INPUTS **

                                         Shareable
                                         Expanders     Fan-In    Fan-Out
 Pin     LC  LAB  Primitive    Code   Total Shared n/a INP  FBK  OUT  FBK  Name
   4    (1)  (A)      INPUT               0      0   0    0    0    8    0  c
  11    (7)  (A)      INPUT               0      0   0    0    0    2    0  D0
   9    (6)  (A)      INPUT               0      0   0    0    0    2    0  D1
   8    (5)  (A)      INPUT               0      0   0    0    0    2    0  D2
   7    (4)  (A)      INPUT               0      0   0    0    0    2    0  D3
   6    (3)  (A)      INPUT               0      0   0    0    0    9    0  onA
   5    (2)  (A)      INPUT               0      0   0    0    0    9    0  onB
  44      -   -       INPUT  G s          0      0   0    0    0    0    0  ~PIN001
   2      -   -       INPUT  G s          0      0   0    0    0    0    0  ~PIN003


Code:

s = Synthesized pin or logic cell
t = Turbo logic cell
+ = Synchronous flipflop
! = NOT gate push-back
r = Fitter-inserted logic cell
G = Global Source. Fan-out destinations counted here do not include destinations
that are driven using global routing resources. Refer to the Auto Global Signals,
Clock Signals, Clear Signals, Synchronous Load Signals, and Synchronous Clear Signals
Sections of this Report File for information on which signals' fan-outs are used as
Clock, Clear, Preset, Output Enable, and synchronous Load signals.


Device-Specific Information:              c:\sifo\practical\rzu_\register2.rpt
register2

** OUTPUTS **

                                         Shareable
                                         Expanders     Fan-In    Fan-Out
 Pin     LC  LAB  Primitive    Code   Total Shared n/a INP  FBK  OUT  FBK  Name
  34     23    B     OUTPUT      t        0      0   0    1    0    0    0  ~PIN002
  37     21    B     OUTPUT      t        0      0   0    1    0    0    0  ~PIN004
  38     20    B     TRI/FF      t        1      1   0    4    0    0    0  QA0
  32     25    B     TRI/FF      t        1      1   0    4    0    0    0  QA1
  31     26    B     TRI/FF      t        1      1   0    4    0    0    0  QA2
  33     24    B     TRI/FF      t        1      1   0    4    0    0    0  QA3
  41     17    B     TRI/FF      t        1      1   0    4    0    0    0  QB0
  40     18    B     TRI/FF      t        1      1   0    4    0    0    0  QB1
  39     19    B     TRI/FF      t        1      1   0    4    0    0    0  QB2
  36     22    B     TRI/FF      t        1      1   0    4    0    0    0  QB3


Code:

s = Synthesized pin or logic cell
t = Turbo logic cell
+ = Synchronous flipflop
! = NOT gate push-back
r = Fitter-inserted logic cell


Device-Specific Information:              c:\sifo\practical\rzu_\register2.rpt
register2

** LOGIC CELL INTERCONNECTIONS **

Logic Array Block 'B':

                             Logic cells placed in LAB 'B'
        +------------------- LC23 ~PIN002
        | +----------------- LC21 ~PIN004
        | | +--------------- LC20 QA0
        | | | +------------- LC25 QA1
        | | | | +----------- LC26 QA2
        | | | | | +--------- LC24 QA3
        | | | | | | +------- LC17 QB0
        | | | | | | | +----- LC18 QB1
        | | | | | | | | +--- LC19 QB2
        | | | | | | | | | +- LC22 QB3
        | | | | | | | | | | 
        | | | | | | | | | |   Other LABs fed by signals
        | | | | | | | | | |   that feed LAB 'B'
LC      | | | | | | | | | | | A B |     Logic cells that feed LAB 'B':

Pin
4    -> - - * * * * * * * * | - * | <-- c
11   -> - - * - - - * - - - | - * | <-- D0
9    -> - - - * - - - * - - | - * | <-- D1
8    -> - - - - * - - - * - | - * | <-- D2
7    -> - - - - - * - - - * | - * | <-- D3
6    -> * - * * * * * * * * | - * | <-- onA
5    -> - * * * * * * * * * | - * | <-- onB
44   -> - - - - - - - - - - | - - | <-- ~PIN001
2    -> - - - - - - - - - - | - - | <-- ~PIN003


* = The logic cell or pin is an input to the logic cell (or LAB) through the PIA.
- = The logic cell or pin is not an input to the logic cell (or LAB).


Device-Specific Information:              c:\sifo\practical\rzu_\register2.rpt
register2

** EQUATIONS **

c        : INPUT;
D0       : INPUT;
D1       : INPUT;
D2       : INPUT;
D3       : INPUT;
onA      : INPUT;
onB      : INPUT;
~PIN001  : INPUT;
~PIN003  : INPUT;

-- Node name is 'QA0' = ':23' 
-- Equation name is 'QA0', type is output 
QA0      = TRI(_LC020, GLOBAL(!~PIN001));
_LC020   = DFFE( D0 $  GND,  _EQ001,  VCC,  VCC,  VCC);
  _EQ001 =  c &  _X001;
  _X001  = EXP(!onA & !onB);

-- Node name is 'QA1' = ':24' 
-- Equation name is 'QA1', type is output 
QA1      = TRI(_LC025, GLOBAL(!~PIN001));
_LC025   = DFFE( D1 $  GND,  _EQ002,  VCC,  VCC,  VCC);
  _EQ002 =  c &  _X001;
  _X001  = EXP(!onA & !onB);

-- Node name is 'QA2' = ':25' 
-- Equation name is 'QA2', type is output 
QA2      = TRI(_LC026, GLOBAL(!~PIN001));
_LC026   = DFFE( D2 $  GND,  _EQ003,  VCC,  VCC,  VCC);
  _EQ003 =  c &  _X001;
  _X001  = EXP(!onA & !onB);

-- Node name is 'QA3' = ':26' 
-- Equation name is 'QA3', type is output 
QA3      = TRI(_LC024, GLOBAL(!~PIN001));
_LC024   = DFFE( D3 $  GND,  _EQ004,  VCC,  VCC,  VCC);
  _EQ004 =  c &  _X001;
  _X001  = EXP(!onA & !onB);

-- Node name is 'QB0' = '~23~1' 
-- Equation name is 'QB0', location is LC017, type is output.
QB0      = TRI(_LC017, GLOBAL(!~PIN003));
_LC017   = DFFE( D0 $  GND,  _EQ001,  VCC,  VCC,  VCC);

-- Node name is 'QB1' = '~24~1' 
-- Equation name is 'QB1', location is LC018, type is output.
QB1      = TRI(_LC018, GLOBAL(!~PIN003));
_LC018   = DFFE( D1 $  GND,  _EQ002,  VCC,  VCC,  VCC);

-- Node name is 'QB2' = '~25~1' 
-- Equation name is 'QB2', location is LC019, type is output.
QB2      = TRI(_LC019, GLOBAL(!~PIN003));
_LC019   = DFFE( D2 $  GND,  _EQ003,  VCC,  VCC,  VCC);

-- Node name is 'QB3' = '~26~1' 
-- Equation name is 'QB3', location is LC022, type is output.
QB3      = TRI(_LC022, GLOBAL(!~PIN003));
_LC022   = DFFE( D3 $  GND,  _EQ004,  VCC,  VCC,  VCC);
 ~PIN002 = LCELL( onA $  VCC);
 ~PIN004 = LCELL( onB $  VCC);



--     Shareable expanders that are duplicated in multiple LABs:
--     (none)




Project Information                       c:\sifo\practical\rzu_\register2.rpt

** COMPILATION SETTINGS & TIMES **

Processing Menu Commands
------------------------

Design Doctor                             = off

Logic Synthesis:

   Synthesis Type Used                    = Standard

   Default Synthesis Style                = NORMAL

      Logic option settings in 'NORMAL' style for 'MAX7000' family

      DECOMPOSE_GATES                     = on
      DUPLICATE_LOGIC_EXTRACTION          = on
      MINIMIZATION                        = full
      MULTI_LEVEL_FACTORING               = on
      NOT_GATE_PUSH_BACK                  = on
      PARALLEL_EXPANDERS                  = off
      REDUCE_LOGIC                        = on
      REFACTORIZATION                     = on
      REGISTER_OPTIMIZATION               = on
      RESYNTHESIZE_NETWORK                = on
      SLOW_SLEW_RATE                      = off
      SOFT_BUFFER_INSERTION               = on
      SUBFACTOR_EXTRACTION                = on
      TURBO_BIT                           = on
      XOR_SYNTHESIS                       = on
      IGNORE_SOFT_BUFFERS                 = off
      USE_LPM_FOR_AHDL_OPERATORS          = off

   Other logic synthesis settings:

      Automatic Global Clock              = on
      Automatic Global Clear              = on
      Automatic Global Preset             = on
      Automatic Global Output Enable      = on
      Automatic Fast I/O                  = off
      Automatic Register Packing          = off
      Automatic Open-Drain Pins           = on
      Automatic Implement in EAB          = off
      One-Hot State Machine Encoding      = off
      Optimize                            = 5

Default Timing Specifications: None

Cut All Bidir Feedback Timing Paths       = on
Cut All Clear & Preset Timing Paths       = on

Ignore Timing Assignments                 = off

Functional SNF Extractor                  = off

Linked SNF Extractor                      = off
Timing SNF Extractor                      = on
Optimize Timing SNF                       = off
Generate AHDL TDO File                    = off
Fitter Settings                           = NORMAL
Smart Recompile                           = off
Total Recompile                           = off

Interfaces Menu Commands
------------------------

EDIF Netlist Writer                       = off
Verilog Netlist Writer                    = off
VHDL Netlist Writer                       = off

Compilation Times
-----------------

   Compiler Netlist Extractor             00:00:00
   Database Builder                       00:00:00
   Logic Synthesizer                      00:00:00
   Partitioner                            00:00:00
   Fitter                                 00:00:00
   Timing SNF Extractor                   00:00:00
   Assembler                              00:00:00
   --------------------------             --------
   Total Time                             00:00:00


Memory Allocated
-----------------

Peak memory allocated during compilation  = 5,694K
