Project Informationd:\education\bguir__labs\5_term\sifovm\labs\lab1\lab\lab1.rpt

MAX+plus II Compiler Report File
Version 10.0 9/14/2000
Compiled: 10/03/2023 18:17:28

Copyright (C) 1988-2000 Altera Corporation
Any megafunction design, and related net list (encrypted or decrypted),
support information, device programming or simulation file, and any other
associated documentation or information provided by Altera or a partner
under Altera's Megafunction Partnership Program may be used only to
program PLD devices (but not masked PLD devices) from Altera.  Any other
use of such megafunction design, net list, support information, device
programming or simulation file, or any other related documentation or
information is prohibited for any other purpose, including, but not
limited to modification, reverse engineering, de-compiling, or use with
any other silicon devices, unless such use is explicitly licensed under
a separate agreement with Altera or a megafunction partner.  Title to
the intellectual property, including patents, copyrights, trademarks,
trade secrets, or maskworks, embodied in any such megafunction design,
net list, support information, device programming or simulation file, or
any other related documentation or information provided by Altera or a
megafunction partner, remains with Altera, the megafunction partner, or
their respective licensors.  No other licenses, including any licenses
needed under any third party's intellectual property, are provided herein.



***** Project compilation was successful




** DEVICE SUMMARY **

Chip/                     Input   Output   Bidir         Shareable
POF       Device          Pins    Pins     Pins     LCs  Expanders  % Utilized

lab1      EPM7064LC44-7    12       8        0      48      45          75 %

User Pins:                 12       8        0  



Project Informationd:\education\bguir__labs\5_term\sifovm\labs\lab1\lab\lab1.rpt

** FILE HIERARCHY **



|regandtries:10|
|regandtries:10|rwreg:45|
|regandtries:9|
|regandtries:9|rwreg:45|
|regandtries:8|
|regandtries:8|rwreg:45|
|regandtries:7|
|regandtries:7|rwreg:45|
|regandtries:6|
|regandtries:6|rwreg:45|
|regandtries:5|
|regandtries:5|rwreg:45|
|regandtries:2|
|regandtries:2|rwreg:45|
|regandtries:1|
|regandtries:1|rwreg:45|
|74138:3|
|74138:4|


Device-Specific Information:d:\education\bguir__labs\5_term\sifovm\labs\lab1\lab\lab1.rpt
lab1

***** Logic for device 'lab1' compiled without errors.




Device: EPM7064LC44-7

Device Options:
    Turbo Bit                                    = ON
    Security Bit                                 = OFF

                                         R     
                                         E     
                                         S     
                                         E     
                                         R  R  
                       V  G  G  G  G  G  V  G  
              B        C  N  N  N  N  N  E  A  
              3  C  R  C  D  D  D  D  D  D  0  
            -----------------------------------_ 
          /   6  5  4  3  2  1 44 43 42 41 40   | 
      B2 |  7                                39 | RESERVED 
      B1 |  8                                38 | RESERVED 
      A3 |  9                                37 | RGB0 
     GND | 10                                36 | RESERVED 
    RGB3 | 11                                35 | VCC 
    RGA3 | 12         EPM7064LC44-7          34 | RESERVED 
    RGA2 | 13                                33 | RESERVED 
    RGB2 | 14                                32 | RESERVED 
     VCC | 15                                31 | RESERVED 
      A2 | 16                                30 | GND 
      A1 | 17                                29 | RESERVED 
         |_  18 19 20 21 22 23 24 25 26 27 28  _| 
           ------------------------------------ 
              D  D  D  D  G  V  R  R  R  R  R  
              0  1  2  3  N  C  G  G  E  E  E  
                          D  C  B  A  S  S  S  
                                1  1  E  E  E  
                                      R  R  R  
                                      V  V  V  
                                      E  E  E  
                                      D  D  D  


N.C. = No Connect. This pin has no internal connection to the device.
VCC = Dedicated power pin, which MUST be connected to VCC.
GND = Dedicated ground pin or unused dedicated input, which MUST be connected to GND.
RESERVED = Unused I/O pin, which MUST be left unconnected.



Device-Specific Information:d:\education\bguir__labs\5_term\sifovm\labs\lab1\lab\lab1.rpt
lab1

** RESOURCE USAGE **

                                                Shareable     External
Logic Array Block     Logic Cells   I/O Pins    Expanders   Interconnect

A:     LC1 - LC16     2/16( 12%)   8/ 8(100%)   7/16( 43%)  16/36( 44%) 
B:    LC17 - LC32    14/16( 87%)   8/ 8(100%)  14/16( 87%)  30/36( 83%) 
C:    LC33 - LC48    16/16(100%)   2/ 8( 25%)  16/16(100%)  20/36( 55%) 
D:    LC49 - LC64    16/16(100%)   2/ 8( 25%)  16/16(100%)  20/36( 55%) 


Total dedicated input pins used:                 0/4      (  0%)
Total I/O pins used:                            20/32     ( 62%)
Total logic cells used:                         48/64     ( 75%)
Total shareable expanders used:                 45/64     ( 70%)
Total Turbo logic cells used:                   48/64     ( 75%)
Total shareable expanders not available (n/a):   8/64     ( 12%)
Average fan-in:                                  7.83
Total fan-in:                                   376

Total input pins required:                      12
Total output pins required:                      8
Total bidirectional pins required:               0
Total logic cells required:                     48
Total flipflops required:                       32
Total product terms required:                  157
Total logic cells lending parallel expanders:    0
Total shareable expanders in database:          36

Synthesized logic cells:                         8/  64   ( 12%)



Device-Specific Information:d:\education\bguir__labs\5_term\sifovm\labs\lab1\lab\lab1.rpt
lab1

** INPUTS **

                                         Shareable
                                         Expanders     Fan-In    Fan-Out
 Pin     LC  LAB  Primitive    Code   Total Shared n/a INP  FBK  OUT  FBK  Name
  17   (24)  (B)      INPUT               0      0   0    0    0    4   36  A1
  16   (25)  (B)      INPUT               0      0   0    0    0    4   36  A2
   9    (4)  (A)      INPUT               0      0   0    0    0    4   36  A3
   8    (5)  (A)      INPUT               0      0   0    0    0    4    4  B1
   7    (8)  (A)      INPUT               0      0   0    0    0    4    4  B2
   6   (11)  (A)      INPUT               0      0   0    0    0    4    4  B3
   5   (14)  (A)      INPUT               0      0   0    0    0    0   32  C
  18   (21)  (B)      INPUT               0      0   0    0    0    0    8  D0
  19   (20)  (B)      INPUT               0      0   0    0    0    0    8  D1
  20   (19)  (B)      INPUT               0      0   0    0    0    0    8  D2
  21   (17)  (B)      INPUT               0      0   0    0    0    0    8  D3
   4   (16)  (A)      INPUT               0      0   0    0    0    0   32  R


Code:

s = Synthesized pin or logic cell
t = Turbo logic cell
+ = Synchronous flipflop
! = NOT gate push-back
r = Fitter-inserted logic cell


Device-Specific Information:d:\education\bguir__labs\5_term\sifovm\labs\lab1\lab\lab1.rpt
lab1

** OUTPUTS **

                                         Shareable
                                         Expanders     Fan-In    Fan-Out
 Pin     LC  LAB  Primitive    Code   Total Shared n/a INP  FBK  OUT  FBK  Name
  40     62    D     OUTPUT      t        4      1   0    3    9    0    0  RGA0
  25     35    C     OUTPUT      t        4      1   0    3    9    0    0  RGA1
  13     32    B     OUTPUT      t        4      1   0    3    9    0    0  RGA2
  12      1    A     OUTPUT      t        4      1   0    3    9    0    0  RGA3
  37     53    D     OUTPUT      t        4      1   0    3    9    0    0  RGB0
  24     33    C     OUTPUT      t        4      1   0    3    9    0    0  RGB1
  14     30    B     OUTPUT      t        4      1   0    3    9    0    0  RGB2
  11      3    A     OUTPUT      t        4      1   0    3    9    0    0  RGB3


Code:

s = Synthesized pin or logic cell
t = Turbo logic cell
+ = Synchronous flipflop
! = NOT gate push-back
r = Fitter-inserted logic cell


Device-Specific Information:d:\education\bguir__labs\5_term\sifovm\labs\lab1\lab\lab1.rpt
lab1

** BURIED LOGIC **

                                         Shareable
                                         Expanders     Fan-In    Fan-Out
 Pin     LC  LAB  Primitive    Code   Total Shared n/a INP  FBK  OUT  FBK  Name
 (39)    57    D       DFFE      t        1      1   0    6    0    2    2  |regandtries:1|rwreg:45|Q3 (|regandtries:1|rwreg:45|:10)
   -     61    D       DFFE      t        1      1   0    6    0    2    2  |regandtries:1|rwreg:45|Q2 (|regandtries:1|rwreg:45|:11)
 (28)    40    C       DFFE      t        1      1   0    6    0    2    2  |regandtries:1|rwreg:45|Q1 (|regandtries:1|rwreg:45|:12)
   -     38    C       DFFE      t        1      1   0    6    0    2    2  |regandtries:1|rwreg:45|Q0 (|regandtries:1|rwreg:45|:13)
 (38)    56    D       DFFE      t        1      1   0    6    0    2    2  |regandtries:2|rwreg:45|Q3 (|regandtries:2|rwreg:45|:10)
   -     60    D       DFFE      t        1      1   0    6    0    2    2  |regandtries:2|rwreg:45|Q2 (|regandtries:2|rwreg:45|:11)
 (31)    46    C       DFFE      t        1      1   0    6    0    2    2  |regandtries:2|rwreg:45|Q1 (|regandtries:2|rwreg:45|:12)
 (32)    48    C       DFFE      t        1      1   0    6    0    2    2  |regandtries:2|rwreg:45|Q0 (|regandtries:2|rwreg:45|:13)
 (36)    52    D       DFFE      t        1      1   0    6    0    2    2  |regandtries:5|rwreg:45|Q3 (|regandtries:5|rwreg:45|:10)
 (41)    64    D       DFFE      t        1      1   0    6    0    2    2  |regandtries:5|rwreg:45|Q2 (|regandtries:5|rwreg:45|:11)
   -     42    C       DFFE      t        1      1   0    6    0    2    2  |regandtries:5|rwreg:45|Q1 (|regandtries:5|rwreg:45|:12)
   -     44    C       DFFE      t        1      1   0    6    0    2    2  |regandtries:5|rwreg:45|Q0 (|regandtries:5|rwreg:45|:13)
 (34)    51    D       DFFE      t        1      1   0    6    0    2    2  |regandtries:6|rwreg:45|Q3 (|regandtries:6|rwreg:45|:10)
   -     59    D       DFFE      t        1      1   0    6    0    2    2  |regandtries:6|rwreg:45|Q2 (|regandtries:6|rwreg:45|:11)
   -     34    C       DFFE      t        1      1   0    6    0    2    2  |regandtries:6|rwreg:45|Q1 (|regandtries:6|rwreg:45|:12)
   -     39    C       DFFE      t        1      1   0    6    0    2    2  |regandtries:6|rwreg:45|Q0 (|regandtries:6|rwreg:45|:13)
   -     50    D       DFFE      t        1      1   0    6    0    2    2  |regandtries:7|rwreg:45|Q3 (|regandtries:7|rwreg:45|:10)
   -     63    D       DFFE      t        1      1   0    6    0    2    2  |regandtries:7|rwreg:45|Q2 (|regandtries:7|rwreg:45|:11)
 (29)    41    C       DFFE      t        1      1   0    6    0    2    2  |regandtries:7|rwreg:45|Q1 (|regandtries:7|rwreg:45|:12)
   -     45    C       DFFE      t        1      1   0    6    0    2    2  |regandtries:7|rwreg:45|Q0 (|regandtries:7|rwreg:45|:13)
 (21)    17    B       DFFE      t        1      1   0    6    0    2    2  |regandtries:8|rwreg:45|Q3 (|regandtries:8|rwreg:45|:10)
   -     23    B       DFFE      t        1      1   0    6    0    2    2  |regandtries:8|rwreg:45|Q2 (|regandtries:8|rwreg:45|:11)
 (17)    24    B       DFFE      t        1      1   0    6    0    2    2  |regandtries:8|rwreg:45|Q1 (|regandtries:8|rwreg:45|:12)
 (16)    25    B       DFFE      t        1      1   0    6    0    2    2  |regandtries:8|rwreg:45|Q0 (|regandtries:8|rwreg:45|:13)
 (33)    49    D       DFFE      t        1      1   0    6    0    2    2  |regandtries:9|rwreg:45|Q3 (|regandtries:9|rwreg:45|:10)
   -     26    B       DFFE      t        1      1   0    6    0    2    2  |regandtries:9|rwreg:45|Q2 (|regandtries:9|rwreg:45|:11)
 (27)    37    C       DFFE      t        1      1   0    6    0    2    2  |regandtries:9|rwreg:45|Q1 (|regandtries:9|rwreg:45|:12)
   -     22    B       DFFE      t        1      1   0    6    0    2    2  |regandtries:9|rwreg:45|Q0 (|regandtries:9|rwreg:45|:13)
   -     55    D       DFFE      t        1      1   0    6    0    2    2  |regandtries:10|rwreg:45|Q3 (|regandtries:10|rwreg:45|:10)
 (19)    20    B       DFFE      t        1      1   0    6    0    2    2  |regandtries:10|rwreg:45|Q2 (|regandtries:10|rwreg:45|:11)
   -     43    C       DFFE      t        1      1   0    6    0    2    2  |regandtries:10|rwreg:45|Q1 (|regandtries:10|rwreg:45|:12)
   -     31    B       DFFE      t        1      1   0    6    0    2    2  |regandtries:10|rwreg:45|Q0 (|regandtries:10|rwreg:45|:13)
   -     18    B       SOFT    s t        1      0   1    3    8    1    0  |regandtries:10|~13~1~3~2
   -     29    B       SOFT    s t        1      0   1    3    8    1    0  |regandtries:10|~14~1~3~2
   -     47    C       SOFT    s t        1      0   1    3    8    1    0  |regandtries:10|~16~1~3~2
   -     54    D       SOFT    s t        1      0   1    3    8    1    0  |regandtries:10|~17~1~3~2
 (18)    21    B       SOFT    s t        1      0   1    3    8    1    0  |regandtries:10|~20~1~3~2
 (20)    19    B       SOFT    s t        1      0   1    3    8    1    0  |regandtries:10|~21~1~3~2
 (26)    36    C       SOFT    s t        1      0   1    3    8    1    0  |regandtries:10|~22~1~3~2
   -     58    D       SOFT    s t        1      0   1    3    8    1    0  |regandtries:10|~23~1~3~2


Code:

s = Synthesized pin or logic cell
t = Turbo logic cell
+ = Synchronous flipflop
! = NOT gate push-back
r = Fitter-inserted logic cell


Device-Specific Information:d:\education\bguir__labs\5_term\sifovm\labs\lab1\lab\lab1.rpt
lab1

** LOGIC CELL INTERCONNECTIONS **

Logic Array Block 'A':

             Logic cells placed in LAB 'A'
        +--- LC1 RGA3
        | +- LC3 RGB3
        | | 
        | |   Other LABs fed by signals
        | |   that feed LAB 'A'
LC      | | | A B C D |     Logic cells that feed LAB 'A':

Pin
17   -> * - | * * * * | <-- A1
16   -> * - | * * * * | <-- A2
9    -> * - | * * * * | <-- A3
8    -> - * | * * * * | <-- B1
7    -> - * | * * * * | <-- B2
6    -> - * | * * * * | <-- B3
LC57 -> * * | * * - - | <-- |regandtries:1|rwreg:45|Q3
LC56 -> * * | * * - - | <-- |regandtries:2|rwreg:45|Q3
LC52 -> * * | * * - - | <-- |regandtries:5|rwreg:45|Q3
LC51 -> * * | * * - - | <-- |regandtries:6|rwreg:45|Q3
LC50 -> * * | * * - - | <-- |regandtries:7|rwreg:45|Q3
LC17 -> * * | * * - - | <-- |regandtries:8|rwreg:45|Q3
LC49 -> * * | * * - - | <-- |regandtries:9|rwreg:45|Q3
LC55 -> * * | * * - - | <-- |regandtries:10|rwreg:45|Q3
LC18 -> * - | * - - - | <-- |regandtries:10|~13~1~3~2
LC21 -> - * | * - - - | <-- |regandtries:10|~20~1~3~2


* = The logic cell or pin is an input to the logic cell (or LAB) through the PIA.
- = The logic cell or pin is not an input to the logic cell (or LAB).


Device-Specific Information:d:\education\bguir__labs\5_term\sifovm\labs\lab1\lab\lab1.rpt
lab1

** LOGIC CELL INTERCONNECTIONS **

Logic Array Block 'B':

                                     Logic cells placed in LAB 'B'
        +--------------------------- LC17 |regandtries:8|rwreg:45|Q3
        | +------------------------- LC23 |regandtries:8|rwreg:45|Q2
        | | +----------------------- LC24 |regandtries:8|rwreg:45|Q1
        | | | +--------------------- LC25 |regandtries:8|rwreg:45|Q0
        | | | | +------------------- LC26 |regandtries:9|rwreg:45|Q2
        | | | | | +----------------- LC22 |regandtries:9|rwreg:45|Q0
        | | | | | | +--------------- LC20 |regandtries:10|rwreg:45|Q2
        | | | | | | | +------------- LC31 |regandtries:10|rwreg:45|Q0
        | | | | | | | | +----------- LC18 |regandtries:10|~13~1~3~2
        | | | | | | | | | +--------- LC29 |regandtries:10|~14~1~3~2
        | | | | | | | | | | +------- LC21 |regandtries:10|~20~1~3~2
        | | | | | | | | | | | +----- LC19 |regandtries:10|~21~1~3~2
        | | | | | | | | | | | | +--- LC32 RGA2
        | | | | | | | | | | | | | +- LC30 RGB2
        | | | | | | | | | | | | | | 
        | | | | | | | | | | | | | |   Other LABs fed by signals
        | | | | | | | | | | | | | |   that feed LAB 'B'
LC      | | | | | | | | | | | | | | | A B C D |     Logic cells that feed LAB 'B':
LC17 -> - - - - - - - - * - * - - - | * * - - | <-- |regandtries:8|rwreg:45|Q3
LC23 -> - - - - - - - - - * - * * * | - * - - | <-- |regandtries:8|rwreg:45|Q2
LC26 -> - - - - - - - - - * - * * * | - * - - | <-- |regandtries:9|rwreg:45|Q2
LC20 -> - - - - - - - - - * - * * * | - * - - | <-- |regandtries:10|rwreg:45|Q2
LC29 -> - - - - - - - - - - - - * - | - * - - | <-- |regandtries:10|~14~1~3~2
LC19 -> - - - - - - - - - - - - - * | - * - - | <-- |regandtries:10|~21~1~3~2

Pin
17   -> * * * * * * * * * * - - * - | * * * * | <-- A1
16   -> * * * * * * * * * * - - * - | * * * * | <-- A2
9    -> * * * * * * * * * * - - * - | * * * * | <-- A3
8    -> - - - - - - - - - - * * - * | * * * * | <-- B1
7    -> - - - - - - - - - - * * - * | * * * * | <-- B2
6    -> - - - - - - - - - - * * - * | * * * * | <-- B3
5    -> * * * * * * * * - - - - - - | - * * * | <-- C
18   -> - - - * - * - * - - - - - - | - * * - | <-- D0
19   -> - - * - - - - - - - - - - - | - * * - | <-- D1
20   -> - * - - * - * - - - - - - - | - * - * | <-- D2
21   -> * - - - - - - - - - - - - - | - * - * | <-- D3
4    -> * * * * * * * * - - - - - - | - * * * | <-- R
LC57 -> - - - - - - - - * - * - - - | * * - - | <-- |regandtries:1|rwreg:45|Q3
LC61 -> - - - - - - - - - * - * * * | - * - - | <-- |regandtries:1|rwreg:45|Q2
LC56 -> - - - - - - - - * - * - - - | * * - - | <-- |regandtries:2|rwreg:45|Q3
LC60 -> - - - - - - - - - * - * * * | - * - - | <-- |regandtries:2|rwreg:45|Q2
LC52 -> - - - - - - - - * - * - - - | * * - - | <-- |regandtries:5|rwreg:45|Q3
LC64 -> - - - - - - - - - * - * * * | - * - - | <-- |regandtries:5|rwreg:45|Q2
LC51 -> - - - - - - - - * - * - - - | * * - - | <-- |regandtries:6|rwreg:45|Q3
LC59 -> - - - - - - - - - * - * * * | - * - - | <-- |regandtries:6|rwreg:45|Q2
LC50 -> - - - - - - - - * - * - - - | * * - - | <-- |regandtries:7|rwreg:45|Q3
LC63 -> - - - - - - - - - * - * * * | - * - - | <-- |regandtries:7|rwreg:45|Q2
LC49 -> - - - - - - - - * - * - - - | * * - - | <-- |regandtries:9|rwreg:45|Q3
LC55 -> - - - - - - - - * - * - - - | * * - - | <-- |regandtries:10|rwreg:45|Q3


* = The logic cell or pin is an input to the logic cell (or LAB) through the PIA.
- = The logic cell or pin is not an input to the logic cell (or LAB).


Device-Specific Information:d:\education\bguir__labs\5_term\sifovm\labs\lab1\lab\lab1.rpt
lab1

** LOGIC CELL INTERCONNECTIONS **

Logic Array Block 'C':

                                         Logic cells placed in LAB 'C'
        +------------------------------- LC40 |regandtries:1|rwreg:45|Q1
        | +----------------------------- LC38 |regandtries:1|rwreg:45|Q0
        | | +--------------------------- LC46 |regandtries:2|rwreg:45|Q1
        | | | +------------------------- LC48 |regandtries:2|rwreg:45|Q0
        | | | | +----------------------- LC42 |regandtries:5|rwreg:45|Q1
        | | | | | +--------------------- LC44 |regandtries:5|rwreg:45|Q0
        | | | | | | +------------------- LC34 |regandtries:6|rwreg:45|Q1
        | | | | | | | +----------------- LC39 |regandtries:6|rwreg:45|Q0
        | | | | | | | | +--------------- LC41 |regandtries:7|rwreg:45|Q1
        | | | | | | | | | +------------- LC45 |regandtries:7|rwreg:45|Q0
        | | | | | | | | | | +----------- LC37 |regandtries:9|rwreg:45|Q1
        | | | | | | | | | | | +--------- LC43 |regandtries:10|rwreg:45|Q1
        | | | | | | | | | | | | +------- LC47 |regandtries:10|~16~1~3~2
        | | | | | | | | | | | | | +----- LC36 |regandtries:10|~22~1~3~2
        | | | | | | | | | | | | | | +--- LC35 RGA1
        | | | | | | | | | | | | | | | +- LC33 RGB1
        | | | | | | | | | | | | | | | | 
        | | | | | | | | | | | | | | | |   Other LABs fed by signals
        | | | | | | | | | | | | | | | |   that feed LAB 'C'
LC      | | | | | | | | | | | | | | | | | A B C D |     Logic cells that feed LAB 'C':
LC40 -> - - - - - - - - - - - - * * * * | - - * - | <-- |regandtries:1|rwreg:45|Q1
LC46 -> - - - - - - - - - - - - * * * * | - - * - | <-- |regandtries:2|rwreg:45|Q1
LC42 -> - - - - - - - - - - - - * * * * | - - * - | <-- |regandtries:5|rwreg:45|Q1
LC34 -> - - - - - - - - - - - - * * * * | - - * - | <-- |regandtries:6|rwreg:45|Q1
LC41 -> - - - - - - - - - - - - * * * * | - - * - | <-- |regandtries:7|rwreg:45|Q1
LC37 -> - - - - - - - - - - - - * * * * | - - * - | <-- |regandtries:9|rwreg:45|Q1
LC43 -> - - - - - - - - - - - - * * * * | - - * - | <-- |regandtries:10|rwreg:45|Q1
LC47 -> - - - - - - - - - - - - - - * - | - - * - | <-- |regandtries:10|~16~1~3~2
LC36 -> - - - - - - - - - - - - - - - * | - - * - | <-- |regandtries:10|~22~1~3~2

Pin
17   -> * * * * * * * * * * * * * - * - | * * * * | <-- A1
16   -> * * * * * * * * * * * * * - * - | * * * * | <-- A2
9    -> * * * * * * * * * * * * * - * - | * * * * | <-- A3
8    -> - - - - - - - - - - - - - * - * | * * * * | <-- B1
7    -> - - - - - - - - - - - - - * - * | * * * * | <-- B2
6    -> - - - - - - - - - - - - - * - * | * * * * | <-- B3
5    -> * * * * * * * * * * * * - - - - | - * * * | <-- C
18   -> - * - * - * - * - * - - - - - - | - * * - | <-- D0
19   -> * - * - * - * - * - * * - - - - | - * * - | <-- D1
4    -> * * * * * * * * * * * * - - - - | - * * * | <-- R
LC24 -> - - - - - - - - - - - - * * * * | - - * - | <-- |regandtries:8|rwreg:45|Q1


* = The logic cell or pin is an input to the logic cell (or LAB) through the PIA.
- = The logic cell or pin is not an input to the logic cell (or LAB).


Device-Specific Information:d:\education\bguir__labs\5_term\sifovm\labs\lab1\lab\lab1.rpt
lab1

** LOGIC CELL INTERCONNECTIONS **

Logic Array Block 'D':

                                         Logic cells placed in LAB 'D'
        +------------------------------- LC57 |regandtries:1|rwreg:45|Q3
        | +----------------------------- LC61 |regandtries:1|rwreg:45|Q2
        | | +--------------------------- LC56 |regandtries:2|rwreg:45|Q3
        | | | +------------------------- LC60 |regandtries:2|rwreg:45|Q2
        | | | | +----------------------- LC52 |regandtries:5|rwreg:45|Q3
        | | | | | +--------------------- LC64 |regandtries:5|rwreg:45|Q2
        | | | | | | +------------------- LC51 |regandtries:6|rwreg:45|Q3
        | | | | | | | +----------------- LC59 |regandtries:6|rwreg:45|Q2
        | | | | | | | | +--------------- LC50 |regandtries:7|rwreg:45|Q3
        | | | | | | | | | +------------- LC63 |regandtries:7|rwreg:45|Q2
        | | | | | | | | | | +----------- LC49 |regandtries:9|rwreg:45|Q3
        | | | | | | | | | | | +--------- LC55 |regandtries:10|rwreg:45|Q3
        | | | | | | | | | | | | +------- LC54 |regandtries:10|~17~1~3~2
        | | | | | | | | | | | | | +----- LC58 |regandtries:10|~23~1~3~2
        | | | | | | | | | | | | | | +--- LC62 RGA0
        | | | | | | | | | | | | | | | +- LC53 RGB0
        | | | | | | | | | | | | | | | | 
        | | | | | | | | | | | | | | | |   Other LABs fed by signals
        | | | | | | | | | | | | | | | |   that feed LAB 'D'
LC      | | | | | | | | | | | | | | | | | A B C D |     Logic cells that feed LAB 'D':
LC54 -> - - - - - - - - - - - - - - * - | - - - * | <-- |regandtries:10|~17~1~3~2
LC58 -> - - - - - - - - - - - - - - - * | - - - * | <-- |regandtries:10|~23~1~3~2

Pin
17   -> * * * * * * * * * * * * * - * - | * * * * | <-- A1
16   -> * * * * * * * * * * * * * - * - | * * * * | <-- A2
9    -> * * * * * * * * * * * * * - * - | * * * * | <-- A3
8    -> - - - - - - - - - - - - - * - * | * * * * | <-- B1
7    -> - - - - - - - - - - - - - * - * | * * * * | <-- B2
6    -> - - - - - - - - - - - - - * - * | * * * * | <-- B3
5    -> * * * * * * * * * * * * - - - - | - * * * | <-- C
20   -> - * - * - * - * - * - - - - - - | - * - * | <-- D2
21   -> * - * - * - * - * - * * - - - - | - * - * | <-- D3
4    -> * * * * * * * * * * * * - - - - | - * * * | <-- R
LC38 -> - - - - - - - - - - - - * * * * | - - - * | <-- |regandtries:1|rwreg:45|Q0
LC48 -> - - - - - - - - - - - - * * * * | - - - * | <-- |regandtries:2|rwreg:45|Q0
LC44 -> - - - - - - - - - - - - * * * * | - - - * | <-- |regandtries:5|rwreg:45|Q0
LC39 -> - - - - - - - - - - - - * * * * | - - - * | <-- |regandtries:6|rwreg:45|Q0
LC45 -> - - - - - - - - - - - - * * * * | - - - * | <-- |regandtries:7|rwreg:45|Q0
LC25 -> - - - - - - - - - - - - * * * * | - - - * | <-- |regandtries:8|rwreg:45|Q0
LC22 -> - - - - - - - - - - - - * * * * | - - - * | <-- |regandtries:9|rwreg:45|Q0
LC31 -> - - - - - - - - - - - - * * * * | - - - * | <-- |regandtries:10|rwreg:45|Q0


* = The logic cell or pin is an input to the logic cell (or LAB) through the PIA.
- = The logic cell or pin is not an input to the logic cell (or LAB).


Device-Specific Information:d:\education\bguir__labs\5_term\sifovm\labs\lab1\lab\lab1.rpt
lab1

** EQUATIONS **

A1       : INPUT;
A2       : INPUT;
A3       : INPUT;
B1       : INPUT;
B2       : INPUT;
B3       : INPUT;
C        : INPUT;
D0       : INPUT;
D1       : INPUT;
D2       : INPUT;
D3       : INPUT;
R        : INPUT;

-- Node name is 'RGA0' 
-- Equation name is 'RGA0', location is LC062, type is output.
 RGA0    = LCELL( _EQ001 $  VCC);
  _EQ001 = !_LC054 &  _X001 &  _X002 &  _X003 &  _X004;
  _X001  = EXP(!A1 &  A2 & !A3 &  _LC022 &  _LC025 &  _LC031 &  _LC038 &  _LC039 & 
              _LC045 &  _LC048);
  _X002  = EXP(!A1 & !A2 &  A3 &  _LC022 &  _LC025 &  _LC031 &  _LC038 &  _LC039 & 
              _LC044 &  _LC048);
  _X003  = EXP(!A1 & !A2 & !A3 &  _LC022 &  _LC025 &  _LC031 &  _LC039 &  _LC044 & 
              _LC045 &  _LC048);
  _X004  = EXP( _LC022 &  _LC025 &  _LC031 &  _LC038 &  _LC039 &  _LC044 & 
              _LC045 &  _LC048);

-- Node name is 'RGA1' 
-- Equation name is 'RGA1', location is LC035, type is output.
 RGA1    = LCELL( _EQ002 $  VCC);
  _EQ002 = !_LC047 &  _X005 &  _X006 &  _X007 &  _X008;
  _X005  = EXP(!A1 &  A2 & !A3 &  _LC024 &  _LC034 &  _LC037 &  _LC040 &  _LC041 & 
              _LC043 &  _LC046);
  _X006  = EXP(!A1 & !A2 &  A3 &  _LC024 &  _LC034 &  _LC037 &  _LC040 &  _LC042 & 
              _LC043 &  _LC046);
  _X007  = EXP(!A1 & !A2 & !A3 &  _LC024 &  _LC034 &  _LC037 &  _LC041 &  _LC042 & 
              _LC043 &  _LC046);
  _X008  = EXP( _LC024 &  _LC034 &  _LC037 &  _LC040 &  _LC041 &  _LC042 & 
              _LC043 &  _LC046);

-- Node name is 'RGA2' 
-- Equation name is 'RGA2', location is LC032, type is output.
 RGA2    = LCELL( _EQ003 $  VCC);
  _EQ003 = !_LC029 &  _X009 &  _X010 &  _X011 &  _X012;
  _X009  = EXP(!A1 &  A2 & !A3 &  _LC020 &  _LC023 &  _LC026 &  _LC059 &  _LC060 & 
              _LC061 &  _LC063);
  _X010  = EXP(!A1 & !A2 &  A3 &  _LC020 &  _LC023 &  _LC026 &  _LC059 &  _LC060 & 
              _LC061 &  _LC064);
  _X011  = EXP(!A1 & !A2 & !A3 &  _LC020 &  _LC023 &  _LC026 &  _LC059 &  _LC060 & 
              _LC063 &  _LC064);
  _X012  = EXP( _LC020 &  _LC023 &  _LC026 &  _LC059 &  _LC060 &  _LC061 & 
              _LC063 &  _LC064);

-- Node name is 'RGA3' 
-- Equation name is 'RGA3', location is LC001, type is output.
 RGA3    = LCELL( _EQ004 $  VCC);
  _EQ004 = !_LC018 &  _X013 &  _X014 &  _X015 &  _X016;
  _X013  = EXP(!A1 &  A2 & !A3 &  _LC017 &  _LC049 &  _LC050 &  _LC051 &  _LC055 & 
              _LC056 &  _LC057);
  _X014  = EXP(!A1 & !A2 &  A3 &  _LC017 &  _LC049 &  _LC051 &  _LC052 &  _LC055 & 
              _LC056 &  _LC057);
  _X015  = EXP(!A1 & !A2 & !A3 &  _LC017 &  _LC049 &  _LC050 &  _LC051 &  _LC052 & 
              _LC055 &  _LC056);
  _X016  = EXP( _LC017 &  _LC049 &  _LC050 &  _LC051 &  _LC052 &  _LC055 & 
              _LC056 &  _LC057);

-- Node name is 'RGB0' 
-- Equation name is 'RGB0', location is LC053, type is output.
 RGB0    = LCELL( _EQ005 $  VCC);
  _EQ005 = !_LC058 &  _X004 &  _X017 &  _X018 &  _X019;
  _X004  = EXP( _LC022 &  _LC025 &  _LC031 &  _LC038 &  _LC039 &  _LC044 & 
              _LC045 &  _LC048);
  _X017  = EXP(!B1 &  B2 & !B3 &  _LC022 &  _LC025 &  _LC031 &  _LC038 &  _LC039 & 
              _LC045 &  _LC048);
  _X018  = EXP(!B1 & !B2 &  B3 &  _LC022 &  _LC025 &  _LC031 &  _LC038 &  _LC039 & 
              _LC044 &  _LC048);
  _X019  = EXP(!B1 & !B2 & !B3 &  _LC022 &  _LC025 &  _LC031 &  _LC039 &  _LC044 & 
              _LC045 &  _LC048);

-- Node name is 'RGB1' 
-- Equation name is 'RGB1', location is LC033, type is output.
 RGB1    = LCELL( _EQ006 $  VCC);
  _EQ006 = !_LC036 &  _X008 &  _X020 &  _X021 &  _X022;
  _X008  = EXP( _LC024 &  _LC034 &  _LC037 &  _LC040 &  _LC041 &  _LC042 & 
              _LC043 &  _LC046);
  _X020  = EXP(!B1 &  B2 & !B3 &  _LC024 &  _LC034 &  _LC037 &  _LC040 &  _LC041 & 
              _LC043 &  _LC046);
  _X021  = EXP(!B1 & !B2 &  B3 &  _LC024 &  _LC034 &  _LC037 &  _LC040 &  _LC042 & 
              _LC043 &  _LC046);
  _X022  = EXP(!B1 & !B2 & !B3 &  _LC024 &  _LC034 &  _LC037 &  _LC041 &  _LC042 & 
              _LC043 &  _LC046);

-- Node name is 'RGB2' 
-- Equation name is 'RGB2', location is LC030, type is output.
 RGB2    = LCELL( _EQ007 $  VCC);
  _EQ007 = !_LC019 &  _X012 &  _X023 &  _X024 &  _X025;
  _X012  = EXP( _LC020 &  _LC023 &  _LC026 &  _LC059 &  _LC060 &  _LC061 & 
              _LC063 &  _LC064);
  _X023  = EXP(!B1 &  B2 & !B3 &  _LC020 &  _LC023 &  _LC026 &  _LC059 &  _LC060 & 
              _LC061 &  _LC063);
  _X024  = EXP(!B1 & !B2 &  B3 &  _LC020 &  _LC023 &  _LC026 &  _LC059 &  _LC060 & 
              _LC061 &  _LC064);
  _X025  = EXP(!B1 & !B2 & !B3 &  _LC020 &  _LC023 &  _LC026 &  _LC059 &  _LC060 & 
              _LC063 &  _LC064);

-- Node name is 'RGB3' 
-- Equation name is 'RGB3', location is LC003, type is output.
 RGB3    = LCELL( _EQ008 $  VCC);
  _EQ008 = !_LC021 &  _X016 &  _X026 &  _X027 &  _X028;
  _X016  = EXP( _LC017 &  _LC049 &  _LC050 &  _LC051 &  _LC052 &  _LC055 & 
              _LC056 &  _LC057);
  _X026  = EXP(!B1 &  B2 & !B3 &  _LC017 &  _LC049 &  _LC050 &  _LC051 &  _LC055 & 
              _LC056 &  _LC057);
  _X027  = EXP(!B1 & !B2 &  B3 &  _LC017 &  _LC049 &  _LC051 &  _LC052 &  _LC055 & 
              _LC056 &  _LC057);
  _X028  = EXP(!B1 & !B2 & !B3 &  _LC017 &  _LC049 &  _LC050 &  _LC051 &  _LC052 & 
              _LC055 &  _LC056);

-- Node name is '|regandtries:1|rwreg:45|:13' = '|regandtries:1|rwreg:45|Q0' 
-- Equation name is '_LC038', type is buried 
_LC038   = DFFE( D0 $  GND,  _EQ009,  VCC,  VCC,  VCC);
  _EQ009 =  C &  R &  _X029;
  _X029  = EXP(!A1 & !A2 & !A3);

-- Node name is '|regandtries:1|rwreg:45|:12' = '|regandtries:1|rwreg:45|Q1' 
-- Equation name is '_LC040', type is buried 
_LC040   = DFFE( D1 $  GND,  _EQ010,  VCC,  VCC,  VCC);
  _EQ010 =  C &  R &  _X029;
  _X029  = EXP(!A1 & !A2 & !A3);

-- Node name is '|regandtries:1|rwreg:45|:11' = '|regandtries:1|rwreg:45|Q2' 
-- Equation name is '_LC061', type is buried 
_LC061   = DFFE( D2 $  GND,  _EQ011,  VCC,  VCC,  VCC);
  _EQ011 =  C &  R &  _X029;
  _X029  = EXP(!A1 & !A2 & !A3);

-- Node name is '|regandtries:1|rwreg:45|:10' = '|regandtries:1|rwreg:45|Q3' 
-- Equation name is '_LC057', type is buried 
_LC057   = DFFE( D3 $  GND,  _EQ012,  VCC,  VCC,  VCC);
  _EQ012 =  C &  R &  _X029;
  _X029  = EXP(!A1 & !A2 & !A3);

-- Node name is '|regandtries:2|rwreg:45|:13' = '|regandtries:2|rwreg:45|Q0' 
-- Equation name is '_LC048', type is buried 
_LC048   = DFFE( D0 $  GND,  _EQ013,  VCC,  VCC,  VCC);
  _EQ013 =  C &  R &  _X030;
  _X030  = EXP( A1 & !A2 & !A3);

-- Node name is '|regandtries:2|rwreg:45|:12' = '|regandtries:2|rwreg:45|Q1' 
-- Equation name is '_LC046', type is buried 
_LC046   = DFFE( D1 $  GND,  _EQ014,  VCC,  VCC,  VCC);
  _EQ014 =  C &  R &  _X030;
  _X030  = EXP( A1 & !A2 & !A3);

-- Node name is '|regandtries:2|rwreg:45|:11' = '|regandtries:2|rwreg:45|Q2' 
-- Equation name is '_LC060', type is buried 
_LC060   = DFFE( D2 $  GND,  _EQ015,  VCC,  VCC,  VCC);
  _EQ015 =  C &  R &  _X030;
  _X030  = EXP( A1 & !A2 & !A3);

-- Node name is '|regandtries:2|rwreg:45|:10' = '|regandtries:2|rwreg:45|Q3' 
-- Equation name is '_LC056', type is buried 
_LC056   = DFFE( D3 $  GND,  _EQ016,  VCC,  VCC,  VCC);
  _EQ016 =  C &  R &  _X030;
  _X030  = EXP( A1 & !A2 & !A3);

-- Node name is '|regandtries:5|rwreg:45|:13' = '|regandtries:5|rwreg:45|Q0' 
-- Equation name is '_LC044', type is buried 
_LC044   = DFFE( D0 $  GND,  _EQ017,  VCC,  VCC,  VCC);
  _EQ017 =  C &  R &  _X031;
  _X031  = EXP(!A1 &  A2 & !A3);

-- Node name is '|regandtries:5|rwreg:45|:12' = '|regandtries:5|rwreg:45|Q1' 
-- Equation name is '_LC042', type is buried 
_LC042   = DFFE( D1 $  GND,  _EQ018,  VCC,  VCC,  VCC);
  _EQ018 =  C &  R &  _X031;
  _X031  = EXP(!A1 &  A2 & !A3);

-- Node name is '|regandtries:5|rwreg:45|:11' = '|regandtries:5|rwreg:45|Q2' 
-- Equation name is '_LC064', type is buried 
_LC064   = DFFE( D2 $  GND,  _EQ019,  VCC,  VCC,  VCC);
  _EQ019 =  C &  R &  _X031;
  _X031  = EXP(!A1 &  A2 & !A3);

-- Node name is '|regandtries:5|rwreg:45|:10' = '|regandtries:5|rwreg:45|Q3' 
-- Equation name is '_LC052', type is buried 
_LC052   = DFFE( D3 $  GND,  _EQ020,  VCC,  VCC,  VCC);
  _EQ020 =  C &  R &  _X031;
  _X031  = EXP(!A1 &  A2 & !A3);

-- Node name is '|regandtries:6|rwreg:45|:13' = '|regandtries:6|rwreg:45|Q0' 
-- Equation name is '_LC039', type is buried 
_LC039   = DFFE( D0 $  GND,  _EQ021,  VCC,  VCC,  VCC);
  _EQ021 =  C &  R &  _X032;
  _X032  = EXP( A1 &  A2 & !A3);

-- Node name is '|regandtries:6|rwreg:45|:12' = '|regandtries:6|rwreg:45|Q1' 
-- Equation name is '_LC034', type is buried 
_LC034   = DFFE( D1 $  GND,  _EQ022,  VCC,  VCC,  VCC);
  _EQ022 =  C &  R &  _X032;
  _X032  = EXP( A1 &  A2 & !A3);

-- Node name is '|regandtries:6|rwreg:45|:11' = '|regandtries:6|rwreg:45|Q2' 
-- Equation name is '_LC059', type is buried 
_LC059   = DFFE( D2 $  GND,  _EQ023,  VCC,  VCC,  VCC);
  _EQ023 =  C &  R &  _X032;
  _X032  = EXP( A1 &  A2 & !A3);

-- Node name is '|regandtries:6|rwreg:45|:10' = '|regandtries:6|rwreg:45|Q3' 
-- Equation name is '_LC051', type is buried 
_LC051   = DFFE( D3 $  GND,  _EQ024,  VCC,  VCC,  VCC);
  _EQ024 =  C &  R &  _X032;
  _X032  = EXP( A1 &  A2 & !A3);

-- Node name is '|regandtries:7|rwreg:45|:13' = '|regandtries:7|rwreg:45|Q0' 
-- Equation name is '_LC045', type is buried 
_LC045   = DFFE( D0 $  GND,  _EQ025,  VCC,  VCC,  VCC);
  _EQ025 =  C &  R &  _X033;
  _X033  = EXP(!A1 & !A2 &  A3);

-- Node name is '|regandtries:7|rwreg:45|:12' = '|regandtries:7|rwreg:45|Q1' 
-- Equation name is '_LC041', type is buried 
_LC041   = DFFE( D1 $  GND,  _EQ026,  VCC,  VCC,  VCC);
  _EQ026 =  C &  R &  _X033;
  _X033  = EXP(!A1 & !A2 &  A3);

-- Node name is '|regandtries:7|rwreg:45|:11' = '|regandtries:7|rwreg:45|Q2' 
-- Equation name is '_LC063', type is buried 
_LC063   = DFFE( D2 $  GND,  _EQ027,  VCC,  VCC,  VCC);
  _EQ027 =  C &  R &  _X033;
  _X033  = EXP(!A1 & !A2 &  A3);

-- Node name is '|regandtries:7|rwreg:45|:10' = '|regandtries:7|rwreg:45|Q3' 
-- Equation name is '_LC050', type is buried 
_LC050   = DFFE( D3 $  GND,  _EQ028,  VCC,  VCC,  VCC);
  _EQ028 =  C &  R &  _X033;
  _X033  = EXP(!A1 & !A2 &  A3);

-- Node name is '|regandtries:8|rwreg:45|:13' = '|regandtries:8|rwreg:45|Q0' 
-- Equation name is '_LC025', type is buried 
_LC025   = DFFE( D0 $  GND,  _EQ029,  VCC,  VCC,  VCC);
  _EQ029 =  C &  R &  _X034;
  _X034  = EXP( A1 & !A2 &  A3);

-- Node name is '|regandtries:8|rwreg:45|:12' = '|regandtries:8|rwreg:45|Q1' 
-- Equation name is '_LC024', type is buried 
_LC024   = DFFE( D1 $  GND,  _EQ030,  VCC,  VCC,  VCC);
  _EQ030 =  C &  R &  _X034;
  _X034  = EXP( A1 & !A2 &  A3);

-- Node name is '|regandtries:8|rwreg:45|:11' = '|regandtries:8|rwreg:45|Q2' 
-- Equation name is '_LC023', type is buried 
_LC023   = DFFE( D2 $  GND,  _EQ031,  VCC,  VCC,  VCC);
  _EQ031 =  C &  R &  _X034;
  _X034  = EXP( A1 & !A2 &  A3);

-- Node name is '|regandtries:8|rwreg:45|:10' = '|regandtries:8|rwreg:45|Q3' 
-- Equation name is '_LC017', type is buried 
_LC017   = DFFE( D3 $  GND,  _EQ032,  VCC,  VCC,  VCC);
  _EQ032 =  C &  R &  _X034;
  _X034  = EXP( A1 & !A2 &  A3);

-- Node name is '|regandtries:9|rwreg:45|:13' = '|regandtries:9|rwreg:45|Q0' 
-- Equation name is '_LC022', type is buried 
_LC022   = DFFE( D0 $  GND,  _EQ033,  VCC,  VCC,  VCC);
  _EQ033 =  C &  R &  _X035;
  _X035  = EXP(!A1 &  A2 &  A3);

-- Node name is '|regandtries:9|rwreg:45|:12' = '|regandtries:9|rwreg:45|Q1' 
-- Equation name is '_LC037', type is buried 
_LC037   = DFFE( D1 $  GND,  _EQ034,  VCC,  VCC,  VCC);
  _EQ034 =  C &  R &  _X035;
  _X035  = EXP(!A1 &  A2 &  A3);

-- Node name is '|regandtries:9|rwreg:45|:11' = '|regandtries:9|rwreg:45|Q2' 
-- Equation name is '_LC026', type is buried 
_LC026   = DFFE( D2 $  GND,  _EQ035,  VCC,  VCC,  VCC);
  _EQ035 =  C &  R &  _X035;
  _X035  = EXP(!A1 &  A2 &  A3);

-- Node name is '|regandtries:9|rwreg:45|:10' = '|regandtries:9|rwreg:45|Q3' 
-- Equation name is '_LC049', type is buried 
_LC049   = DFFE( D3 $  GND,  _EQ036,  VCC,  VCC,  VCC);
  _EQ036 =  C &  R &  _X035;
  _X035  = EXP(!A1 &  A2 &  A3);

-- Node name is '|regandtries:10|rwreg:45|:13' = '|regandtries:10|rwreg:45|Q0' 
-- Equation name is '_LC031', type is buried 
_LC031   = DFFE( D0 $  GND,  _EQ037,  VCC,  VCC,  VCC);
  _EQ037 =  C &  R &  _X036;
  _X036  = EXP( A1 &  A2 &  A3);

-- Node name is '|regandtries:10|rwreg:45|:12' = '|regandtries:10|rwreg:45|Q1' 
-- Equation name is '_LC043', type is buried 
_LC043   = DFFE( D1 $  GND,  _EQ038,  VCC,  VCC,  VCC);
  _EQ038 =  C &  R &  _X036;
  _X036  = EXP( A1 &  A2 &  A3);

-- Node name is '|regandtries:10|rwreg:45|:11' = '|regandtries:10|rwreg:45|Q2' 
-- Equation name is '_LC020', type is buried 
_LC020   = DFFE( D2 $  GND,  _EQ039,  VCC,  VCC,  VCC);
  _EQ039 =  C &  R &  _X036;
  _X036  = EXP( A1 &  A2 &  A3);

-- Node name is '|regandtries:10|rwreg:45|:10' = '|regandtries:10|rwreg:45|Q3' 
-- Equation name is '_LC055', type is buried 
_LC055   = DFFE( D3 $  GND,  _EQ040,  VCC,  VCC,  VCC);
  _EQ040 =  C &  R &  _X036;
  _X036  = EXP( A1 &  A2 &  A3);

-- Node name is '|regandtries:10|~13~1~3~2' 
-- Equation name is '_LC018', type is buried 
-- synthesized logic cell 
_LC018   = LCELL( _EQ041 $  GND);
  _EQ041 =  A1 &  A2 &  A3 &  _LC017 &  _LC049 &  _LC050 &  _LC051 &  _LC052 & 
              _LC056 &  _LC057
         #  A1 &  A2 & !A3 &  _LC017 &  _LC049 &  _LC050 &  _LC052 &  _LC055 & 
              _LC056 &  _LC057
         # !A1 &  A2 &  A3 &  _LC017 &  _LC050 &  _LC051 &  _LC052 &  _LC055 & 
              _LC056 &  _LC057
         #  A1 & !A2 &  A3 &  _LC049 &  _LC050 &  _LC051 &  _LC052 &  _LC055 & 
              _LC056 &  _LC057
         #  A1 & !A2 & !A3 &  _LC017 &  _LC049 &  _LC050 &  _LC051 &  _LC052 & 
              _LC055 &  _LC057;

-- Node name is '|regandtries:10|~14~1~3~2' 
-- Equation name is '_LC029', type is buried 
-- synthesized logic cell 
_LC029   = LCELL( _EQ042 $  GND);
  _EQ042 =  A1 &  A2 &  A3 &  _LC023 &  _LC026 &  _LC059 &  _LC060 &  _LC061 & 
              _LC063 &  _LC064
         #  A1 &  A2 & !A3 &  _LC020 &  _LC023 &  _LC026 &  _LC060 &  _LC061 & 
              _LC063 &  _LC064
         # !A1 &  A2 &  A3 &  _LC020 &  _LC023 &  _LC059 &  _LC060 &  _LC061 & 
              _LC063 &  _LC064
         #  A1 & !A2 &  A3 &  _LC020 &  _LC026 &  _LC059 &  _LC060 &  _LC061 & 
              _LC063 &  _LC064
         #  A1 & !A2 & !A3 &  _LC020 &  _LC023 &  _LC026 &  _LC059 &  _LC061 & 
              _LC063 &  _LC064;

-- Node name is '|regandtries:10|~16~1~3~2' 
-- Equation name is '_LC047', type is buried 
-- synthesized logic cell 
_LC047   = LCELL( _EQ043 $  GND);
  _EQ043 =  A1 &  A2 &  A3 &  _LC024 &  _LC034 &  _LC037 &  _LC040 &  _LC041 & 
              _LC042 &  _LC046
         #  A1 &  A2 & !A3 &  _LC024 &  _LC037 &  _LC040 &  _LC041 &  _LC042 & 
              _LC043 &  _LC046
         # !A1 &  A2 &  A3 &  _LC024 &  _LC034 &  _LC040 &  _LC041 &  _LC042 & 
              _LC043 &  _LC046
         #  A1 & !A2 &  A3 &  _LC034 &  _LC037 &  _LC040 &  _LC041 &  _LC042 & 
              _LC043 &  _LC046
         #  A1 & !A2 & !A3 &  _LC024 &  _LC034 &  _LC037 &  _LC040 &  _LC041 & 
              _LC042 &  _LC043;

-- Node name is '|regandtries:10|~17~1~3~2' 
-- Equation name is '_LC054', type is buried 
-- synthesized logic cell 
_LC054   = LCELL( _EQ044 $  GND);
  _EQ044 =  A1 &  A2 &  A3 &  _LC022 &  _LC025 &  _LC038 &  _LC039 &  _LC044 & 
              _LC045 &  _LC048
         #  A1 &  A2 & !A3 &  _LC022 &  _LC025 &  _LC031 &  _LC038 &  _LC044 & 
              _LC045 &  _LC048
         # !A1 &  A2 &  A3 &  _LC025 &  _LC031 &  _LC038 &  _LC039 &  _LC044 & 
              _LC045 &  _LC048
         #  A1 & !A2 &  A3 &  _LC022 &  _LC031 &  _LC038 &  _LC039 &  _LC044 & 
              _LC045 &  _LC048
         #  A1 & !A2 & !A3 &  _LC022 &  _LC025 &  _LC031 &  _LC038 &  _LC039 & 
              _LC044 &  _LC045;

-- Node name is '|regandtries:10|~20~1~3~2' 
-- Equation name is '_LC021', type is buried 
-- synthesized logic cell 
_LC021   = LCELL( _EQ045 $  GND);
  _EQ045 =  B1 &  B2 &  B3 &  _LC017 &  _LC049 &  _LC050 &  _LC051 &  _LC052 & 
              _LC056 &  _LC057
         #  B1 &  B2 & !B3 &  _LC017 &  _LC049 &  _LC050 &  _LC052 &  _LC055 & 
              _LC056 &  _LC057
         # !B1 &  B2 &  B3 &  _LC017 &  _LC050 &  _LC051 &  _LC052 &  _LC055 & 
              _LC056 &  _LC057
         #  B1 & !B2 &  B3 &  _LC049 &  _LC050 &  _LC051 &  _LC052 &  _LC055 & 
              _LC056 &  _LC057
         #  B1 & !B2 & !B3 &  _LC017 &  _LC049 &  _LC050 &  _LC051 &  _LC052 & 
              _LC055 &  _LC057;

-- Node name is '|regandtries:10|~21~1~3~2' 
-- Equation name is '_LC019', type is buried 
-- synthesized logic cell 
_LC019   = LCELL( _EQ046 $  GND);
  _EQ046 =  B1 &  B2 &  B3 &  _LC023 &  _LC026 &  _LC059 &  _LC060 &  _LC061 & 
              _LC063 &  _LC064
         #  B1 &  B2 & !B3 &  _LC020 &  _LC023 &  _LC026 &  _LC060 &  _LC061 & 
              _LC063 &  _LC064
         # !B1 &  B2 &  B3 &  _LC020 &  _LC023 &  _LC059 &  _LC060 &  _LC061 & 
              _LC063 &  _LC064
         #  B1 & !B2 &  B3 &  _LC020 &  _LC026 &  _LC059 &  _LC060 &  _LC061 & 
              _LC063 &  _LC064
         #  B1 & !B2 & !B3 &  _LC020 &  _LC023 &  _LC026 &  _LC059 &  _LC061 & 
              _LC063 &  _LC064;

-- Node name is '|regandtries:10|~22~1~3~2' 
-- Equation name is '_LC036', type is buried 
-- synthesized logic cell 
_LC036   = LCELL( _EQ047 $  GND);
  _EQ047 =  B1 &  B2 &  B3 &  _LC024 &  _LC034 &  _LC037 &  _LC040 &  _LC041 & 
              _LC042 &  _LC046
         #  B1 &  B2 & !B3 &  _LC024 &  _LC037 &  _LC040 &  _LC041 &  _LC042 & 
              _LC043 &  _LC046
         # !B1 &  B2 &  B3 &  _LC024 &  _LC034 &  _LC040 &  _LC041 &  _LC042 & 
              _LC043 &  _LC046
         #  B1 & !B2 &  B3 &  _LC034 &  _LC037 &  _LC040 &  _LC041 &  _LC042 & 
              _LC043 &  _LC046
         #  B1 & !B2 & !B3 &  _LC024 &  _LC034 &  _LC037 &  _LC040 &  _LC041 & 
              _LC042 &  _LC043;

-- Node name is '|regandtries:10|~23~1~3~2' 
-- Equation name is '_LC058', type is buried 
-- synthesized logic cell 
_LC058   = LCELL( _EQ048 $  GND);
  _EQ048 =  B1 &  B2 &  B3 &  _LC022 &  _LC025 &  _LC038 &  _LC039 &  _LC044 & 
              _LC045 &  _LC048
         #  B1 &  B2 & !B3 &  _LC022 &  _LC025 &  _LC031 &  _LC038 &  _LC044 & 
              _LC045 &  _LC048
         # !B1 &  B2 &  B3 &  _LC025 &  _LC031 &  _LC038 &  _LC039 &  _LC044 & 
              _LC045 &  _LC048
         #  B1 & !B2 &  B3 &  _LC022 &  _LC031 &  _LC038 &  _LC039 &  _LC044 & 
              _LC045 &  _LC048
         #  B1 & !B2 & !B3 &  _LC022 &  _LC025 &  _LC031 &  _LC038 &  _LC039 & 
              _LC044 &  _LC045;



--     Shareable expanders that are duplicated in multiple LABs:
--    _X029 occurs in LABs C, D
--    _X030 occurs in LABs C, D
--    _X031 occurs in LABs C, D
--    _X032 occurs in LABs C, D
--    _X033 occurs in LABs C, D
--    _X035 occurs in LABs B, C, D
--    _X036 occurs in LABs B, C, D




Project Informationd:\education\bguir__labs\5_term\sifovm\labs\lab1\lab\lab1.rpt

** COMPILATION SETTINGS & TIMES **

Processing Menu Commands
------------------------

Design Doctor                             = off

Logic Synthesis:

   Synthesis Type Used                    = Standard

   Default Synthesis Style                = NORMAL

      Logic option settings in 'NORMAL' style for 'MAX7000' family

      DECOMPOSE_GATES                     = on
      DUPLICATE_LOGIC_EXTRACTION          = on
      MINIMIZATION                        = full
      MULTI_LEVEL_FACTORING               = on
      NOT_GATE_PUSH_BACK                  = on
      PARALLEL_EXPANDERS                  = off
      REDUCE_LOGIC                        = on
      REFACTORIZATION                     = on
      REGISTER_OPTIMIZATION               = on
      RESYNTHESIZE_NETWORK                = on
      SLOW_SLEW_RATE                      = off
      SOFT_BUFFER_INSERTION               = on
      SUBFACTOR_EXTRACTION                = on
      TURBO_BIT                           = on
      XOR_SYNTHESIS                       = on
      IGNORE_SOFT_BUFFERS                 = off
      USE_LPM_FOR_AHDL_OPERATORS          = off

   Other logic synthesis settings:

      Automatic Global Clock              = on
      Automatic Global Clear              = on
      Automatic Global Preset             = on
      Automatic Global Output Enable      = on
      Automatic Fast I/O                  = off
      Automatic Register Packing          = off
      Automatic Open-Drain Pins           = on
      Automatic Implement in EAB          = off
      One-Hot State Machine Encoding      = off
      Optimize                            = 5

Default Timing Specifications: None

Cut All Bidir Feedback Timing Paths       = on
Cut All Clear & Preset Timing Paths       = on

Ignore Timing Assignments                 = off

Functional SNF Extractor                  = off

Linked SNF Extractor                      = off
Timing SNF Extractor                      = on
Optimize Timing SNF                       = off
Generate AHDL TDO File                    = off
Fitter Settings                           = NORMAL
Smart Recompile                           = off
Total Recompile                           = off

Interfaces Menu Commands
------------------------

EDIF Netlist Writer                       = off
Verilog Netlist Writer                    = off
VHDL Netlist Writer                       = off

Compilation Times
-----------------

   Compiler Netlist Extractor             00:00:00
   Database Builder                       00:00:00
   Logic Synthesizer                      00:00:00
   Partitioner                            00:00:01
   Fitter                                 00:00:00
   Timing SNF Extractor                   00:00:00
   Assembler                              00:00:00
   --------------------------             --------
   Total Time                             00:00:01


Memory Allocated
-----------------

Peak memory allocated during compilation  = 4,487K
