Project Information                          d:\work\6sem\sifo\lab1\ipmrom.rpt

MAX+plus II Compiler Report File
Version 10.0 9/14/2000
Compiled: 02/19/2024 20:25:21

Copyright (C) 1988-2000 Altera Corporation
Any megafunction design, and related net list (encrypted or decrypted),
support information, device programming or simulation file, and any other
associated documentation or information provided by Altera or a partner
under Altera's Megafunction Partnership Program may be used only to
program PLD devices (but not masked PLD devices) from Altera.  Any other
use of such megafunction design, net list, support information, device
programming or simulation file, or any other related documentation or
information is prohibited for any other purpose, including, but not
limited to modification, reverse engineering, de-compiling, or use with
any other silicon devices, unless such use is explicitly licensed under
a separate agreement with Altera or a megafunction partner.  Title to
the intellectual property, including patents, copyrights, trademarks,
trade secrets, or maskworks, embodied in any such megafunction design,
net list, support information, device programming or simulation file, or
any other related documentation or information provided by Altera or a
megafunction partner, remains with Altera, the megafunction partner, or
their respective licensors.  No other licenses, including any licenses
needed under any third party's intellectual property, are provided herein.



***** Project compilation was successful




** DEVICE SUMMARY **

Chip/                     Input Output Bidir  Memory  Memory  			 LCs
POF       Device          Pins  Pins   Pins   Bits % Utilized  LCs  % Utilized

ipmrom    EPF10K10LC84-3   4      7      0    112       1  %    0        0  %

User Pins:                 4      7      0  



Project Information                          d:\work\6sem\sifo\lab1\ipmrom.rpt

** EMBEDDED ARRAYS **


|LPM_ROM:1|altrom:srom|content: MEMORY (
               width        =    7;
               depth        =   16;
               segmentsize  =   16;
               mode         = MEM_READONLY#MEM_INITIALIZED;
               file         = "d:\work\6sem\sifo\lab1\lpm_rom.mif";
         )
         OF SEGMENTS (
               |LPM_ROM:1|altrom:srom|segment0_6,
               |LPM_ROM:1|altrom:srom|segment0_5,
               |LPM_ROM:1|altrom:srom|segment0_4,
               |LPM_ROM:1|altrom:srom|segment0_3,
               |LPM_ROM:1|altrom:srom|segment0_2,
               |LPM_ROM:1|altrom:srom|segment0_1,
               |LPM_ROM:1|altrom:srom|segment0_0
);




Project Information                          d:\work\6sem\sifo\lab1\ipmrom.rpt

** FILE HIERARCHY **



|lpm_rom:1|
|lpm_rom:1|altrom:srom|


Device-Specific Information:                 d:\work\6sem\sifo\lab1\ipmrom.rpt
ipmrom

***** Logic for device 'ipmrom' compiled without errors.




Device: EPF10K10LC84-3

FLEX 10K Configuration Scheme: Passive Serial

Device Options:
    User-Supplied Start-Up Clock               = OFF
    Auto-Restart Configuration on Frame Error  = OFF
    Release Clears Before Tri-States           = OFF
    Enable Chip_Wide Reset                     = OFF
    Enable Chip-Wide Output Enable             = OFF
    Enable INIT_DONE Output                    = OFF
    JTAG User Code                             = 7f

                                                                         ^     
                                                                         C     
                R  R  R  R  R  R  R     R           R     R  R  R  R     O     
                E  E  E  E  E  E  E     E           E     E  E  E  E     N     
                S  S  S  S  S  S  S  V  S     G     S  G  S  S  S  S     F     
                E  E  E  E  E  E  E  C  E     N     E  N  E  E  E  E     _  ^  
                R  R  R  R  R  R  R  C  R     D     R  D  R  R  R  R  #  D  n  
                V  V  V  V  V  V  V  I  V  I  I  I  V  I  V  V  V  V  T  O  C  
                E  E  E  E  E  E  E  N  E  N  N  N  E  N  E  E  E  E  C  N  E  
                D  D  D  D  D  D  D  T  D  3  T  0  D  T  D  D  D  D  K  E  O  
              -----------------------------------------------------------------_ 
            /  11 10  9  8  7  6  5  4  3  2  1 84 83 82 81 80 79 78 77 76 75   | 
    ^DATA0 | 12                                                              74 | #TDO 
     ^DCLK | 13                                                              73 | RESERVED 
      ^nCE | 14                                                              72 | RESERVED 
      #TDI | 15                                                              71 | OUT2 
  RESERVED | 16                                                              70 | OUT5 
      OUT4 | 17                                                              69 | OUT6 
      OUT1 | 18                                                              68 | GNDINT 
      OUT0 | 19                                                              67 | RESERVED 
    VCCINT | 20                                                              66 | RESERVED 
  RESERVED | 21                                                              65 | RESERVED 
      OUT3 | 22                        EPF10K10LC84-3                        64 | RESERVED 
  RESERVED | 23                                                              63 | VCCINT 
  RESERVED | 24                                                              62 | RESERVED 
  RESERVED | 25                                                              61 | RESERVED 
    GNDINT | 26                                                              60 | RESERVED 
  RESERVED | 27                                                              59 | RESERVED 
  RESERVED | 28                                                              58 | RESERVED 
  RESERVED | 29                                                              57 | #TMS 
  RESERVED | 30                                                              56 | #TRST 
    ^MSEL0 | 31                                                              55 | ^nSTATUS 
    ^MSEL1 | 32                                                              54 | RESERVED 
           |_  33 34 35 36 37 38 39 40 41 42 43 44 45 46 47 48 49 50 51 52 53  _| 
             ------------------------------------------------------------------ 
                V  ^  R  R  R  R  R  V  G  I  G  I  V  G  R  R  R  R  R  R  R  
                C  n  E  E  E  E  E  C  N  N  N  N  C  N  E  E  E  E  E  E  E  
                C  C  S  S  S  S  S  C  D  2  D  1  C  D  S  S  S  S  S  S  S  
                I  O  E  E  E  E  E  I  I     I     I  I  E  E  E  E  E  E  E  
                N  N  R  R  R  R  R  N  N     N     N  N  R  R  R  R  R  R  R  
                T  F  V  V  V  V  V  T  T     T     T  T  V  V  V  V  V  V  V  
                   I  E  E  E  E  E                       E  E  E  E  E  E  E  
                   G  D  D  D  D  D                       D  D  D  D  D  D  D  
                                                                               
                                                                               


N.C. = No Connect. This pin has no internal connection to the device.
VCCINT = Dedicated power pin, which MUST be connected to VCC (5.0 volts).
VCCIO = Dedicated power pin, which MUST be connected to VCC (5.0 volts).
GNDINT = Dedicated ground pin or unused dedicated input, which MUST be connected to GND.
GNDIO = Dedicated ground pin, which MUST be connected to GND.
RESERVED = Unused I/O pin, which MUST be left unconnected.

^ = Dedicated configuration pin.
+ = Reserved configuration pin, which is tri-stated during user mode.
* = Reserved configuration pin, which drives out in user mode.
PDn = Power Down pin. 
@ = Special-purpose pin. 
# = JTAG Boundary-Scan Testing/In-System Programming or Configuration Pin. The JTAG inputs TMS and TDI should be tied to VCC and TCK should be tied to GND when not in use.
& = JTAG pin used for I/O. When used as user I/O, JTAG pins must be kept stable before and during configuration.  JTAG pin stability prevents accidental loading of JTAG instructions.


Device-Specific Information:                 d:\work\6sem\sifo\lab1\ipmrom.rpt
ipmrom

** RESOURCE USAGE **

Logic                Column       Row                                   
Array                Interconnect Interconnect         Clears/     External  
Block   Logic Cells  Driven       Driven       Clocks  Presets   Interconnect


Embedded             Column       Row                                   
Array     Embedded   Interconnect Interconnect         Read/      External  
Block     Cells      Driven       Driven       Clocks  Write    Interconnect
A25      7/8 ( 87%)   1/8 ( 12%)   6/8 ( 75%)    0/2    2/2       4/22( 18%)   


Total dedicated input pins used:                 4/6      ( 66%)
Total I/O pins used:                             7/53     ( 13%)
Total logic cells used:                          0/576    (  0%)
Total embedded cells used:                       7/24     ( 29%)
Total EABs used:                                 1/3      ( 33%)
Average fan-in:                                 0.00/4    (  0%)
Total fan-in:                                   0/2304    (  0%)

Total input pins required:                       4
Total input I/O cell registers required:         0
Total output pins required:                      7
Total output I/O cell registers required:        0
Total buried I/O cell registers required:        0
Total bidirectional pins required:               0
Total reserved pins required                     0
Total logic cells required:                      0
Total flipflops required:                        0
Total packed registers required:                 0
Total logic cells in carry chains:               0
Total number of carry chains:                    0
Total logic cells in cascade chains:             0
Total number of cascade chains:                  0
Total single-pin Clock Enables required:         0
Total single-pin Output Enables required:        0

Synthesized logic cells:                         0/ 576   (  0%)

Logic Cell and Embedded Cell Counts

Column:  01  02  03  04  05  06  07  08  09  10  11  12  EA  13  14  15  16  17  18  19  20  21  22  23  24  Total(LC/EC)
 A:      0   0   0   0   0   0   0   0   0   0   0   0   7   0   0   0   0   0   0   0   0   0   0   0   0      0/7  
 B:      0   0   0   0   0   0   0   0   0   0   0   0   0   0   0   0   0   0   0   0   0   0   0   0   0      0/0  
 C:      0   0   0   0   0   0   0   0   0   0   0   0   0   0   0   0   0   0   0   0   0   0   0   0   0      0/0  

Total:   0   0   0   0   0   0   0   0   0   0   0   0   7   0   0   0   0   0   0   0   0   0   0   0   0      0/7  



Device-Specific Information:                 d:\work\6sem\sifo\lab1\ipmrom.rpt
ipmrom

** INPUTS **

                                                    Fan-In    Fan-Out
 Pin     LC     EC   Row  Col  Primitive    Code      INP  FBK  OUT  FBK  Name
  84      -     -    -    --      INPUT                0    0    0    7  IN0
  44      -     -    -    --      INPUT                0    0    0    7  IN1
  42      -     -    -    --      INPUT                0    0    0    7  IN2
   2      -     -    -    --      INPUT                0    0    0    7  IN3


Code:

s = Synthesized pin or logic cell
+ = Synchronous flipflop
/ = Slow slew-rate output
! = NOT gate push-back
r = Fitter-inserted logic cell
@ = Uses single-pin Clock Enable
& = Uses single-pin Output Enable


Device-Specific Information:                 d:\work\6sem\sifo\lab1\ipmrom.rpt
ipmrom

** OUTPUTS **

       Fed By Fed By                                Fan-In    Fan-Out
 Pin     LC     EC   Row  Col  Primitive    Code      INP  FBK  OUT  FBK  Name
  19      -     -    A    --     OUTPUT                0    1    0    0  OUT0
  18      -     -    A    --     OUTPUT                0    1    0    0  OUT1
  71      -     -    A    --     OUTPUT                0    1    0    0  OUT2
  22      -     -    B    --     OUTPUT                0    1    0    0  OUT3
  17      -     -    A    --     OUTPUT                0    1    0    0  OUT4
  70      -     -    A    --     OUTPUT                0    1    0    0  OUT5
  69      -     -    A    --     OUTPUT                0    1    0    0  OUT6


Code:

s = Synthesized pin or logic cell
+ = Synchronous flipflop
/ = Slow slew-rate output
! = NOT gate push-back
r = Fitter-inserted logic cell
@ = Uses single-pin Clock Enable
& = Uses single-pin Output Enable


Device-Specific Information:                 d:\work\6sem\sifo\lab1\ipmrom.rpt
ipmrom

** BURIED LOGIC **

                                                    Fan-In    Fan-Out
 IOC     LC     EC   Row  Col  Primitive    Code      INP  FBK  OUT  FBK  Name
   -      -     8    A    --   MEM_SGMT                4    0    1    0  |LPM_ROM:1|altrom:srom|segment0_0
   -      -     1    A    --   MEM_SGMT                4    0    1    0  |LPM_ROM:1|altrom:srom|segment0_1
   -      -     4    A    --   MEM_SGMT                4    0    1    0  |LPM_ROM:1|altrom:srom|segment0_2
   -      -     5    A    --   MEM_SGMT                4    0    1    0  |LPM_ROM:1|altrom:srom|segment0_3
   -      -     3    A    --   MEM_SGMT                4    0    1    0  |LPM_ROM:1|altrom:srom|segment0_4
   -      -     6    A    --   MEM_SGMT                4    0    1    0  |LPM_ROM:1|altrom:srom|segment0_5
   -      -     7    A    --   MEM_SGMT                4    0    1    0  |LPM_ROM:1|altrom:srom|segment0_6


Code:

s = Synthesized pin or logic cell
+ = Synchronous flipflop
/ = Slow slew-rate output
! = NOT gate push-back
r = Fitter-inserted logic cell
p = Packed register


Device-Specific Information:                 d:\work\6sem\sifo\lab1\ipmrom.rpt
ipmrom

** FASTTRACK INTERCONNECT UTILIZATION **

Row FastTrack Interconnect:

          Global         Left Half-      Right Half-
         FastTrack       FastTrack       FastTrack 
Row     Interconnect    Interconnect    Interconnect    Input Pins     Output Pins     Bidir Pins
A:       6/ 96(  6%)     0/ 48(  0%)     0/ 48(  0%)    0/16(  0%)      6/16( 37%)     0/16(  0%)
B:       1/ 96(  1%)     0/ 48(  0%)     0/ 48(  0%)    0/16(  0%)      1/16(  6%)     0/16(  0%)
C:       0/ 96(  0%)     0/ 48(  0%)     0/ 48(  0%)    0/16(  0%)      0/16(  0%)     0/16(  0%)


Column FastTrack Interconnect:

         FastTrack                                 
Column  Interconnect    Input Pins     Output Pins     Bidir Pins
01:      0/24(  0%)     0/4(  0%)      0/4(  0%)       0/4(  0%)
02:      0/24(  0%)     0/4(  0%)      0/4(  0%)       0/4(  0%)
03:      0/24(  0%)     0/4(  0%)      0/4(  0%)       0/4(  0%)
04:      0/24(  0%)     0/4(  0%)      0/4(  0%)       0/4(  0%)
05:      0/24(  0%)     0/4(  0%)      0/4(  0%)       0/4(  0%)
06:      0/24(  0%)     0/4(  0%)      0/4(  0%)       0/4(  0%)
07:      0/24(  0%)     0/4(  0%)      0/4(  0%)       0/4(  0%)
08:      0/24(  0%)     0/4(  0%)      0/4(  0%)       0/4(  0%)
09:      0/24(  0%)     0/4(  0%)      0/4(  0%)       0/4(  0%)
10:      0/24(  0%)     0/4(  0%)      0/4(  0%)       0/4(  0%)
11:      0/24(  0%)     0/4(  0%)      0/4(  0%)       0/4(  0%)
12:      0/24(  0%)     0/4(  0%)      0/4(  0%)       0/4(  0%)
13:      0/24(  0%)     0/4(  0%)      0/4(  0%)       0/4(  0%)
14:      0/24(  0%)     0/4(  0%)      0/4(  0%)       0/4(  0%)
15:      0/24(  0%)     0/4(  0%)      0/4(  0%)       0/4(  0%)
16:      0/24(  0%)     0/4(  0%)      0/4(  0%)       0/4(  0%)
17:      0/24(  0%)     0/4(  0%)      0/4(  0%)       0/4(  0%)
18:      0/24(  0%)     0/4(  0%)      0/4(  0%)       0/4(  0%)
19:      0/24(  0%)     0/4(  0%)      0/4(  0%)       0/4(  0%)
20:      0/24(  0%)     0/4(  0%)      0/4(  0%)       0/4(  0%)
21:      0/24(  0%)     0/4(  0%)      0/4(  0%)       0/4(  0%)
22:      0/24(  0%)     0/4(  0%)      0/4(  0%)       0/4(  0%)
23:      0/24(  0%)     0/4(  0%)      0/4(  0%)       0/4(  0%)
24:      0/24(  0%)     0/4(  0%)      0/4(  0%)       0/4(  0%)
EA:      1/24(  4%)     0/4(  0%)      0/4(  0%)       0/4(  0%)


Device-Specific Information:                 d:\work\6sem\sifo\lab1\ipmrom.rpt
ipmrom

** EQUATIONS **

IN0      : INPUT;
IN1      : INPUT;
IN2      : INPUT;
IN3      : INPUT;

-- Node name is 'OUT0' 
-- Equation name is 'OUT0', type is output 
OUT0     =  _EC8_A;

-- Node name is 'OUT1' 
-- Equation name is 'OUT1', type is output 
OUT1     =  _EC1_A;

-- Node name is 'OUT2' 
-- Equation name is 'OUT2', type is output 
OUT2     =  _EC4_A;

-- Node name is 'OUT3' 
-- Equation name is 'OUT3', type is output 
OUT3     =  _EC5_A;

-- Node name is 'OUT4' 
-- Equation name is 'OUT4', type is output 
OUT4     =  _EC3_A;

-- Node name is 'OUT5' 
-- Equation name is 'OUT5', type is output 
OUT5     =  _EC6_A;

-- Node name is 'OUT6' 
-- Equation name is 'OUT6', type is output 
OUT6     =  _EC7_A;

-- Node name is '|LPM_ROM:1|altrom:srom|segment0_0' from file "altrom.tdf" line 92, column 11
-- Equation name is '_EC8_A', type is memory 
_EC8_A   = MEMORY_SEGMENT( VCC, VCC, VCC, GND, VCC, IN0, IN1, IN2, IN3, VCC, VCC, VCC, VCC, VCC, VCC, VCC,);

-- Node name is '|LPM_ROM:1|altrom:srom|segment0_1' from file "altrom.tdf" line 92, column 11
-- Equation name is '_EC1_A', type is memory 
_EC1_A   = MEMORY_SEGMENT( VCC, VCC, VCC, GND, VCC, IN0, IN1, IN2, IN3, VCC, VCC, VCC, VCC, VCC, VCC, VCC,);

-- Node name is '|LPM_ROM:1|altrom:srom|segment0_2' from file "altrom.tdf" line 92, column 11
-- Equation name is '_EC4_A', type is memory 
_EC4_A   = MEMORY_SEGMENT( VCC, VCC, VCC, GND, VCC, IN0, IN1, IN2, IN3, VCC, VCC, VCC, VCC, VCC, VCC, VCC,);

-- Node name is '|LPM_ROM:1|altrom:srom|segment0_3' from file "altrom.tdf" line 92, column 11
-- Equation name is '_EC5_A', type is memory 
_EC5_A   = MEMORY_SEGMENT( VCC, VCC, VCC, GND, VCC, IN0, IN1, IN2, IN3, VCC, VCC, VCC, VCC, VCC, VCC, VCC,);

-- Node name is '|LPM_ROM:1|altrom:srom|segment0_4' from file "altrom.tdf" line 92, column 11
-- Equation name is '_EC3_A', type is memory 
_EC3_A   = MEMORY_SEGMENT( VCC, VCC, VCC, GND, VCC, IN0, IN1, IN2, IN3, VCC, VCC, VCC, VCC, VCC, VCC, VCC,);

-- Node name is '|LPM_ROM:1|altrom:srom|segment0_5' from file "altrom.tdf" line 92, column 11
-- Equation name is '_EC6_A', type is memory 
_EC6_A   = MEMORY_SEGMENT( VCC, VCC, VCC, GND, VCC, IN0, IN1, IN2, IN3, VCC, VCC, VCC, VCC, VCC, VCC, VCC,);

-- Node name is '|LPM_ROM:1|altrom:srom|segment0_6' from file "altrom.tdf" line 92, column 11
-- Equation name is '_EC7_A', type is memory 
_EC7_A   = MEMORY_SEGMENT( VCC, VCC, VCC, GND, VCC, IN0, IN1, IN2, IN3, VCC, VCC, VCC, VCC, VCC, VCC, VCC,);



Project Information                          d:\work\6sem\sifo\lab1\ipmrom.rpt

** COMPILATION SETTINGS & TIMES **

Processing Menu Commands
------------------------

Design Doctor                             = off

Logic Synthesis:

   Synthesis Type Used                    = Multi-Level

   Default Synthesis Style                = NORMAL

      Logic option settings in 'NORMAL' style for 'FLEX10K' family

      CARRY_CHAIN                         = ignore
      CARRY_CHAIN_LENGTH                  = 32
      CASCADE_CHAIN                       = ignore
      CASCADE_CHAIN_LENGTH                = 2
      DECOMPOSE_GATES                     = on
      DUPLICATE_LOGIC_EXTRACTION          = on
      MINIMIZATION                        = full
      MULTI_LEVEL_FACTORING               = on
      NOT_GATE_PUSH_BACK                  = on
      REDUCE_LOGIC                        = on
      REFACTORIZATION                     = on
      REGISTER_OPTIMIZATION               = on
      RESYNTHESIZE_NETWORK                = on
      SLOW_SLEW_RATE                      = off
      SUBFACTOR_EXTRACTION                = on
      IGNORE_SOFT_BUFFERS                 = on
      USE_LPM_FOR_AHDL_OPERATORS          = off

   Other logic synthesis settings:

      Automatic Global Clock              = on
      Automatic Global Clear              = on
      Automatic Global Preset             = on
      Automatic Global Output Enable      = on
      Automatic Fast I/O                  = off
      Automatic Register Packing          = off
      Automatic Open-Drain Pins           = on
      Automatic Implement in EAB          = off
      Optimize                            = 5

Default Timing Specifications: None

Cut All Bidir Feedback Timing Paths       = on
Cut All Clear & Preset Timing Paths       = on

Ignore Timing Assignments                 = off

Functional SNF Extractor                  = off

Linked SNF Extractor                      = off
Timing SNF Extractor                      = on
Optimize Timing SNF                       = off
Generate AHDL TDO File                    = off
Fitter Settings                           = NORMAL
Use Quartus Fitter                        = on
Smart Recompile                           = off
Total Recompile                           = off

Interfaces Menu Commands
------------------------

EDIF Netlist Writer                       = off
Verilog Netlist Writer                    = off
VHDL Netlist Writer                       = off

Compilation Times
-----------------

   Compiler Netlist Extractor             00:00:00
   Database Builder                       00:00:00
   Logic Synthesizer                      00:00:00
   Partitioner                            00:00:00
   Fitter                                 00:00:00
   Timing SNF Extractor                   00:00:00
   Assembler                              00:00:00
   --------------------------             --------
   Total Time                             00:00:00


Memory Allocated
-----------------

Peak memory allocated during compilation  = 9,695K
