Project Information                                       d:\sss\lab1\lab1.rpt

MAX+plus II Compiler Report File
Version 10.0 9/14/2000
Compiled: 04/15/2024 18:03:09

Copyright (C) 1988-2000 Altera Corporation
Any megafunction design, and related net list (encrypted or decrypted),
support information, device programming or simulation file, and any other
associated documentation or information provided by Altera or a partner
under Altera's Megafunction Partnership Program may be used only to
program PLD devices (but not masked PLD devices) from Altera.  Any other
use of such megafunction design, net list, support information, device
programming or simulation file, or any other related documentation or
information is prohibited for any other purpose, including, but not
limited to modification, reverse engineering, de-compiling, or use with
any other silicon devices, unless such use is explicitly licensed under
a separate agreement with Altera or a megafunction partner.  Title to
the intellectual property, including patents, copyrights, trademarks,
trade secrets, or maskworks, embodied in any such megafunction design,
net list, support information, device programming or simulation file, or
any other related documentation or information provided by Altera or a
megafunction partner, remains with Altera, the megafunction partner, or
their respective licensors.  No other licenses, including any licenses
needed under any third party's intellectual property, are provided herein.



***** Project compilation was successful




** DEVICE SUMMARY **

Chip/                     Input Output Bidir  Memory  Memory  			 LCs
POF       Device          Pins  Pins   Pins   Bits % Utilized  LCs  % Utilized

lab1      EPF10K10LC84-3   23     13     0    128       2  %    48       8  %

User Pins:                 23     13     0  



Project Information                                       d:\sss\lab1\lab1.rpt

** EMBEDDED ARRAYS **


|LPM_ROM:3|altrom:srom|content: MEMORY (
               width        =    8;
               depth        =   32;
               segmentsize  =   32;
               mode         = MEM_READONLY#MEM_INITIALIZED;
               file         = "d:\sss\lab1\lpm_rom.mif";
         )
         OF SEGMENTS (
               |LPM_ROM:3|altrom:srom|segment0_7,		/* This segment is removed by logic synthesis */
               |LPM_ROM:3|altrom:srom|segment0_6,		/* This segment is removed by logic synthesis */
               |LPM_ROM:3|altrom:srom|segment0_5,		/* This segment is removed by logic synthesis */
               |LPM_ROM:3|altrom:srom|segment0_4,		/* This segment is removed by logic synthesis */
               |LPM_ROM:3|altrom:srom|segment0_3,
               |LPM_ROM:3|altrom:srom|segment0_2,
               |LPM_ROM:3|altrom:srom|segment0_1,
               |LPM_ROM:3|altrom:srom|segment0_0
);




Project Information                                       d:\sss\lab1\lab1.rpt

** FILE HIERARCHY **



|mux41:2|
|lpm_rom:3|
|lpm_rom:3|altrom:srom|
|busmux21:4|
|busmux21:4|21mux:1|
|busmux21:4|21mux:4|
|busmux21:4|21mux:3|
|busmux21:4|21mux:2|
|k1804:30|
|k1804:30|rg:3|
|k1804:30|rg:5|
|k1804:30|incr:28|
|k1804:30|bus4mux41:30|
|k1804:30|bus4mux41:30|mux41:3|
|k1804:30|bus4mux41:30|mux41:2|
|k1804:30|bus4mux41:30|mux41:1|
|k1804:30|bus4mux41:30|mux41:4|
|k1804:30|stack:35|
|k1804:30|stack:35|rg_lr:61|
|k1804:30|stack:35|rg_lr:61|reg:16|
|k1804:30|stack:35|rg_lr:61|21mux:33|
|k1804:30|stack:35|rg_lr:61|21mux:36|
|k1804:30|stack:35|rg_lr:61|21mux:35|
|k1804:30|stack:35|rg_lr:61|21mux:34|
|k1804:30|stack:35|rg_lr:64|
|k1804:30|stack:35|rg_lr:64|reg:16|
|k1804:30|stack:35|rg_lr:64|21mux:33|
|k1804:30|stack:35|rg_lr:64|21mux:36|
|k1804:30|stack:35|rg_lr:64|21mux:35|
|k1804:30|stack:35|rg_lr:64|21mux:34|
|k1804:30|stack:35|rg_lr:63|
|k1804:30|stack:35|rg_lr:63|reg:16|
|k1804:30|stack:35|rg_lr:63|21mux:33|
|k1804:30|stack:35|rg_lr:63|21mux:36|
|k1804:30|stack:35|rg_lr:63|21mux:35|
|k1804:30|stack:35|rg_lr:63|21mux:34|
|k1804:30|stack:35|rg_lr:62|
|k1804:30|stack:35|rg_lr:62|reg:16|
|k1804:30|stack:35|rg_lr:62|21mux:33|
|k1804:30|stack:35|rg_lr:62|21mux:36|
|k1804:30|stack:35|rg_lr:62|21mux:35|
|k1804:30|stack:35|rg_lr:62|21mux:34|
|pa:37|
|pa:37|bus5mux21:1|
|pa:37|bus5mux21:1|21mux:8|
|pa:37|bus5mux21:1|21mux:13|
|pa:37|bus5mux21:1|21mux:7|
|pa:37|bus5mux21:1|21mux:6|
|pa:37|bus5mux21:1|21mux:5|
|pa:37|busmux21:2|
|pa:37|busmux21:2|21mux:1|
|pa:37|busmux21:2|21mux:4|
|pa:37|busmux21:2|21mux:3|
|pa:37|busmux21:2|21mux:2|


Device-Specific Information:                              d:\sss\lab1\lab1.rpt
lab1

***** Logic for device 'lab1' compiled without errors.




Device: EPF10K10LC84-3

FLEX 10K Configuration Scheme: Passive Serial

Device Options:
    User-Supplied Start-Up Clock               = OFF
    Auto-Restart Configuration on Frame Error  = OFF
    Release Clears Before Tri-States           = OFF
    Enable Chip_Wide Reset                     = OFF
    Enable Chip-Wide Output Enable             = OFF
    Enable INIT_DONE Output                    = OFF
    JTAG User Code                             = 7f

                                                                         ^     
                                                                         C     
                R  R  R  R  R  R  R     R                    R  R        O     
                E  E  E  E  E  E  E     E                    E  E        N     
                S  S  S  S  S  S  S  V  S              G     S  S        F     
                E  E  E  E  E  E  E  C  E              N     E  E        _  ^  
                R  R  R  R  R  R  R  C  R              D     R  R     #  D  n  
                V  V  V  V  V  V  V  I  V  K           I     V  V     T  O  C  
                E  E  E  E  E  E  E  N  E  E     P  D  N  R  E  E  R  C  N  E  
                D  D  D  D  D  D  D  T  D  Y  T  1  2  T  0  D  D  2  K  E  O  
              -----------------------------------------------------------------_ 
            /  11 10  9  8  7  6  5  4  3  2  1 84 83 82 81 80 79 78 77 76 75   | 
    ^DATA0 | 12                                                              74 | #TDO 
     ^DCLK | 13                                                              73 | A2 
      ^nCE | 14                                                              72 | OVR 
      #TDI | 15                                                              71 | CT3 
        F3 | 16                                                              70 | Z 
        A0 | 17                                                              69 | A1 
        C4 | 18                                                              68 | GNDINT 
        W3 | 19                                                              67 | Y3 
    VCCINT | 20                                                              66 | Y2 
       CT1 | 21                                                              65 | Y0 
        R1 | 22                        EPF10K10LC84-3                        64 | Y1 
        D0 | 23                                                              63 | VCCINT 
       CT2 | 24                                                              62 | RESERVED 
        D3 | 25                                                              61 | A3 
    GNDINT | 26                                                              60 | RESERVED 
  RESERVED | 27                                                              59 | W1 
        W2 | 28                                                              58 | RESERVED 
        A4 | 29                                                              57 | #TMS 
        W0 | 30                                                              56 | #TRST 
    ^MSEL0 | 31                                                              55 | ^nSTATUS 
    ^MSEL1 | 32                                                              54 | RESERVED 
           |_  33 34 35 36 37 38 39 40 41 42 43 44 45 46 47 48 49 50 51 52 53  _| 
             ------------------------------------------------------------------ 
                V  ^  R  R  R  R  R  V  G  P  P  P  V  G  R  R  C  R  R  R  D  
                C  n  E  E  E  E  E  C  N  3  0  2  C  N  E  E  T  3  G  E  1  
                C  C  S  S  S  S  S  C  D           C  D  S  S  0     M  S     
                I  O  E  E  E  E  E  I  I           I  I  E  E        k  E     
                N  N  R  R  R  R  R  N  N           N  N  R  R           R     
                T  F  V  V  V  V  V  T  T           T  T  V  V           V     
                   I  E  E  E  E  E                       E  E           E     
                   G  D  D  D  D  D                       D  D           D     
                                                                               
                                                                               


N.C. = No Connect. This pin has no internal connection to the device.
VCCINT = Dedicated power pin, which MUST be connected to VCC (5.0 volts).
VCCIO = Dedicated power pin, which MUST be connected to VCC (5.0 volts).
GNDINT = Dedicated ground pin or unused dedicated input, which MUST be connected to GND.
GNDIO = Dedicated ground pin, which MUST be connected to GND.
RESERVED = Unused I/O pin, which MUST be left unconnected.

^ = Dedicated configuration pin.
+ = Reserved configuration pin, which is tri-stated during user mode.
* = Reserved configuration pin, which drives out in user mode.
PDn = Power Down pin. 
@ = Special-purpose pin. 
# = JTAG Boundary-Scan Testing/In-System Programming or Configuration Pin. The JTAG inputs TMS and TDI should be tied to VCC and TCK should be tied to GND when not in use.
& = JTAG pin used for I/O. When used as user I/O, JTAG pins must be kept stable before and during configuration.  JTAG pin stability prevents accidental loading of JTAG instructions.


Device-Specific Information:                              d:\sss\lab1\lab1.rpt
lab1

** RESOURCE USAGE **

Logic                Column       Row                                   
Array                Interconnect Interconnect         Clears/     External  
Block   Logic Cells  Driven       Driven       Clocks  Presets   Interconnect
A20      1/ 8( 12%)   1/ 8( 12%)   0/ 8(  0%)    0/2    0/2       3/22( 13%)   
A21      5/ 8( 62%)   0/ 8(  0%)   3/ 8( 37%)    0/2    0/2       6/22( 27%)   
B14      8/ 8(100%)   0/ 8(  0%)   1/ 8( 12%)    2/2    0/2       7/22( 31%)   
B15      8/ 8(100%)   0/ 8(  0%)   1/ 8( 12%)    2/2    0/2       7/22( 31%)   
B22      8/ 8(100%)   0/ 8(  0%)   1/ 8( 12%)    2/2    0/2       7/22( 31%)   
B23      8/ 8(100%)   0/ 8(  0%)   1/ 8( 12%)    2/2    0/2       7/22( 31%)   
B24      8/ 8(100%)   0/ 8(  0%)   7/ 8( 87%)    1/2    0/2      13/22( 59%)   
C3       1/ 8( 12%)   0/ 8(  0%)   1/ 8( 12%)    0/2    0/2       1/22(  4%)   
C23      1/ 8( 12%)   0/ 8(  0%)   1/ 8( 12%)    0/2    0/2       1/22(  4%)   


Embedded             Column       Row                                   
Array     Embedded   Interconnect Interconnect         Read/      External  
Block     Cells      Driven       Driven       Clocks  Write    Interconnect
A25      4/8 ( 50%)   3/8 ( 37%)   1/8 ( 12%)    0/2    2/2       5/22( 22%)   


Total dedicated input pins used:                 6/6      (100%)
Total I/O pins used:                            30/53     ( 56%)
Total logic cells used:                         48/576    (  8%)
Total embedded cells used:                       4/24     ( 16%)
Total EABs used:                                 1/3      ( 33%)
Average fan-in:                                 2.56/4    ( 64%)
Total fan-in:                                 123/2304    (  5%)

Total input pins required:                      23
Total input I/O cell registers required:         0
Total output pins required:                     13
Total output I/O cell registers required:        0
Total buried I/O cell registers required:        0
Total bidirectional pins required:               0
Total reserved pins required                     0
Total logic cells required:                     48
Total flipflops required:                       24
Total packed registers required:                 0
Total logic cells in carry chains:               0
Total number of carry chains:                    0
Total logic cells in cascade chains:             0
Total number of cascade chains:                  0
Total single-pin Clock Enables required:         0
Total single-pin Output Enables required:        0

Synthesized logic cells:                        14/ 576   (  2%)

Logic Cell and Embedded Cell Counts

Column:  01  02  03  04  05  06  07  08  09  10  11  12  EA  13  14  15  16  17  18  19  20  21  22  23  24  Total(LC/EC)
 A:      0   0   0   0   0   0   0   0   0   0   0   0   4   0   0   0   0   0   0   0   1   5   0   0   0      6/4  
 B:      0   0   0   0   0   0   0   0   0   0   0   0   0   0   8   8   0   0   0   0   0   0   8   8   8     40/0  
 C:      0   0   1   0   0   0   0   0   0   0   0   0   0   0   0   0   0   0   0   0   0   0   0   1   0      2/0  

Total:   0   0   1   0   0   0   0   0   0   0   0   0   4   0   8   8   0   0   0   0   1   5   8   9   8     48/4  



Device-Specific Information:                              d:\sss\lab1\lab1.rpt
lab1

** INPUTS **

                                                    Fan-In    Fan-Out
 Pin     LC     EC   Row  Col  Primitive    Code      INP  FBK  OUT  FBK  Name
  49      -     -    -    16      INPUT                0    0    0    1  CT0
  21      -     -    B    --      INPUT                0    0    0    1  CT1
  24      -     -    B    --      INPUT                0    0    0    1  CT2
  71      -     -    A    --      INPUT                0    0    0    1  CT3
  18      -     -    A    --      INPUT                0    0    0    1  C4
  23      -     -    B    --      INPUT                0    0    0    1  D0
  53      -     -    -    20      INPUT                0    0    0    1  D1
  83      -     -    -    13      INPUT                0    0    0    1  D2
  25      -     -    B    --      INPUT                0    0    0    1  D3
  16      -     -    A    --      INPUT                0    0    0    1  F3
   2      -     -    -    --      INPUT                0    0    0    4  KEY
  72      -     -    A    --      INPUT                0    0    0    1  OVR
  43      -     -    -    --      INPUT                0    0    0    6  P0
  84      -     -    -    --      INPUT                0    0    0    7  P1
  44      -     -    -    --      INPUT                0    0    0    5  P2
  42      -     -    -    --      INPUT                0    0    0    5  P3
  51      -     -    -    18      INPUT                0    0    0    2  RGMk
  81      -     -    -    22      INPUT                0    0    0    1  R0
  22      -     -    B    --      INPUT                0    0    0    1  R1
  78      -     -    -    24      INPUT                0    0    0    1  R2
  50      -     -    -    17      INPUT                0    0    0    1  R3
   1      -     -    -    --      INPUT  G             0    0    0    1  T
  70      -     -    A    --      INPUT                0    0    0    1  Z


Code:

s = Synthesized pin or logic cell
+ = Synchronous flipflop
/ = Slow slew-rate output
! = NOT gate push-back
r = Fitter-inserted logic cell
@ = Uses single-pin Clock Enable
& = Uses single-pin Output Enable
G = Global Source. Fan-out destinations counted here do not include destinations
that are driven using global routing resources. Refer to the Auto Global Signals,
Clock Signals, Clear Signals, Synchronous Load Signals, and Synchronous Clear Signals
Sections of this Report File for information on which signals' fan-outs are used as
Clock, Clear, Preset, Output Enable, and synchronous Load signals.


Device-Specific Information:                              d:\sss\lab1\lab1.rpt
lab1

** OUTPUTS **

       Fed By Fed By                                Fan-In    Fan-Out
 Pin     LC     EC   Row  Col  Primitive    Code      INP  FBK  OUT  FBK  Name
  17      -     -    A    --     OUTPUT                0    1    0    0  A0
  69      -     -    A    --     OUTPUT                0    1    0    0  A1
  73      -     -    A    --     OUTPUT                0    1    0    0  A2
  61      -     -    C    --     OUTPUT                0    1    0    0  A3
  29      -     -    C    --     OUTPUT                0    1    0    0  A4
  30      -     -    C    --     OUTPUT                0    1    0    0  W0
  59      -     -    C    --     OUTPUT                0    1    0    0  W1
  28      -     -    C    --     OUTPUT                0    1    0    0  W2
  19      -     -    A    --     OUTPUT                0    1    0    0  W3
  65      -     -    B    --     OUTPUT                0    1    0    0  Y0
  64      -     -    B    --     OUTPUT                0    1    0    0  Y1
  66      -     -    B    --     OUTPUT                0    1    0    0  Y2
  67      -     -    B    --     OUTPUT                0    1    0    0  Y3


Code:

s = Synthesized pin or logic cell
+ = Synchronous flipflop
/ = Slow slew-rate output
! = NOT gate push-back
r = Fitter-inserted logic cell
@ = Uses single-pin Clock Enable
& = Uses single-pin Output Enable


Device-Specific Information:                              d:\sss\lab1\lab1.rpt
lab1

** BURIED LOGIC **

                                                    Fan-In    Fan-Out
 IOC     LC     EC   Row  Col  Primitive    Code      INP  FBK  OUT  FBK  Name
   -      8     -    A    21      LCELL    s           1    0    1    0  A1~1
   -      1     -    A    21      LCELL    s           1    0    1    0  A2~1
   -      3     -    C    23      LCELL    s           1    0    1    0  A3~1
   -      5     -    C    03      LCELL    s           1    0    1    0  A4~1
   -      4     -    B    24        OR2                2    1    0   16  |busmux21:4|21mux:1|Y (|busmux21:4|21mux:1|:5)
   -      3     -    B    24        OR2                2    1    0    4  |busmux21:4|21mux:3|Y (|busmux21:4|21mux:3|:5)
   -      1     -    A    20        OR2                2    1    0    8  |busmux21:4|21mux:4|Y (|busmux21:4|21mux:4|:5)
   -      5     -    B    22        OR2    s           0    3    0    1  |k1804:30|bus4mux41:30|mux41:1|Q~1 (|k1804:30|bus4mux41:30|mux41:1|~6~1)
   -      7     -    B    22        OR2    s           1    2    0    1  |k1804:30|bus4mux41:30|mux41:1|Q~2 (|k1804:30|bus4mux41:30|mux41:1|~6~2)
   -      6     -    B    22        OR2                0    3    1    3  |k1804:30|bus4mux41:30|mux41:1|Q (|k1804:30|bus4mux41:30|mux41:1|:6)
   -      6     -    B    14        OR2    s           0    3    0    1  |k1804:30|bus4mux41:30|mux41:2|Q~1 (|k1804:30|bus4mux41:30|mux41:2|~6~1)
   -      7     -    B    14        OR2    s           1    2    0    1  |k1804:30|bus4mux41:30|mux41:2|Q~2 (|k1804:30|bus4mux41:30|mux41:2|~6~2)
   -      2     -    B    14        OR2                0    3    1    2  |k1804:30|bus4mux41:30|mux41:2|Q (|k1804:30|bus4mux41:30|mux41:2|:6)
   -      6     -    B    23        OR2    s           0    3    0    1  |k1804:30|bus4mux41:30|mux41:3|Q~1 (|k1804:30|bus4mux41:30|mux41:3|~6~1)
   -      7     -    B    23        OR2    s           1    2    0    1  |k1804:30|bus4mux41:30|mux41:3|Q~2 (|k1804:30|bus4mux41:30|mux41:3|~6~2)
   -      1     -    B    23        OR2                0    3    1    1  |k1804:30|bus4mux41:30|mux41:3|Q (|k1804:30|bus4mux41:30|mux41:3|:6)
   -      6     -    B    15        OR2    s           0    3    0    1  |k1804:30|bus4mux41:30|mux41:4|Q~1 (|k1804:30|bus4mux41:30|mux41:4|~6~1)
   -      7     -    B    15        OR2    s           1    2    0    1  |k1804:30|bus4mux41:30|mux41:4|Q~2 (|k1804:30|bus4mux41:30|mux41:4|~6~2)
   -      5     -    B    15        OR2                0    3    1    2  |k1804:30|bus4mux41:30|mux41:4|Q (|k1804:30|bus4mux41:30|mux41:4|:6)
   -      7     -    B    24       AND2                1    1    0    3  |k1804:30|incr:28|C1 (|k1804:30|incr:28|:4)
   -      8     -    B    15       DFFE   +            1    0    0    1  |k1804:30|rg:3|Q0 (|k1804:30|rg:3|~4~1)
   -      8     -    B    22       DFFE   +            1    0    0    1  |k1804:30|rg:3|Q1 (|k1804:30|rg:3|~4~2)
   -      8     -    B    14       DFFE   +            1    0    0    1  |k1804:30|rg:3|Q2 (|k1804:30|rg:3|~4~3)
   -      8     -    B    23       DFFE   +            1    0    0    1  |k1804:30|rg:3|Q3 (|k1804:30|rg:3|~4~4)
   -      8     -    B    24       DFFE   +            1    1    0    2  |k1804:30|rg:5|Q0 (|k1804:30|rg:5|~4~1)
   -      2     -    B    24       DFFE   +            0    2    0    2  |k1804:30|rg:5|Q1 (|k1804:30|rg:5|~4~2)
   -      5     -    B    24       DFFE   +            0    3    0    2  |k1804:30|rg:5|Q2 (|k1804:30|rg:5|~4~3)
   -      1     -    B    24       DFFE   +            0    4    0    2  |k1804:30|rg:5|Q3 (|k1804:30|rg:5|~4~4)
   -      4     -    B    15       DFFE                0    4    0    2  |k1804:30|stack:35|rg_lr:61|reg:16|Q0 (|k1804:30|stack:35|rg_lr:61|reg:16|~6~1)
   -      4     -    B    22       DFFE                0    4    0    2  |k1804:30|stack:35|rg_lr:61|reg:16|Q1 (|k1804:30|stack:35|rg_lr:61|reg:16|~6~2)
   -      5     -    B    14       DFFE                0    4    0    2  |k1804:30|stack:35|rg_lr:61|reg:16|Q2 (|k1804:30|stack:35|rg_lr:61|reg:16|~6~3)
   -      5     -    B    23       DFFE                0    4    0    2  |k1804:30|stack:35|rg_lr:61|reg:16|Q3 (|k1804:30|stack:35|rg_lr:61|reg:16|~6~4)
   -      3     -    B    15       DFFE                0    4    0    2  |k1804:30|stack:35|rg_lr:62|reg:16|Q0 (|k1804:30|stack:35|rg_lr:62|reg:16|~6~1)
   -      3     -    B    22       DFFE                0    4    0    2  |k1804:30|stack:35|rg_lr:62|reg:16|Q1 (|k1804:30|stack:35|rg_lr:62|reg:16|~6~2)
   -      4     -    B    14       DFFE                0    4    0    2  |k1804:30|stack:35|rg_lr:62|reg:16|Q2 (|k1804:30|stack:35|rg_lr:62|reg:16|~6~3)
   -      4     -    B    23       DFFE                0    4    0    2  |k1804:30|stack:35|rg_lr:62|reg:16|Q3 (|k1804:30|stack:35|rg_lr:62|reg:16|~6~4)
   -      2     -    B    15       DFFE                0    4    0    2  |k1804:30|stack:35|rg_lr:63|reg:16|Q0 (|k1804:30|stack:35|rg_lr:63|reg:16|~6~1)
   -      2     -    B    22       DFFE                0    4    0    2  |k1804:30|stack:35|rg_lr:63|reg:16|Q1 (|k1804:30|stack:35|rg_lr:63|reg:16|~6~2)
   -      3     -    B    14       DFFE                0    4    0    2  |k1804:30|stack:35|rg_lr:63|reg:16|Q2 (|k1804:30|stack:35|rg_lr:63|reg:16|~6~3)
   -      3     -    B    23       DFFE                0    4    0    2  |k1804:30|stack:35|rg_lr:63|reg:16|Q3 (|k1804:30|stack:35|rg_lr:63|reg:16|~6~4)
   -      1     -    B    15       DFFE                0    3    0    1  |k1804:30|stack:35|rg_lr:64|reg:16|Q0 (|k1804:30|stack:35|rg_lr:64|reg:16|~6~1)
   -      1     -    B    22       DFFE                0    3    0    1  |k1804:30|stack:35|rg_lr:64|reg:16|Q1 (|k1804:30|stack:35|rg_lr:64|reg:16|~6~2)
   -      1     -    B    14       DFFE                0    3    0    1  |k1804:30|stack:35|rg_lr:64|reg:16|Q2 (|k1804:30|stack:35|rg_lr:64|reg:16|~6~3)
   -      2     -    B    23       DFFE                0    3    0    1  |k1804:30|stack:35|rg_lr:64|reg:16|Q3 (|k1804:30|stack:35|rg_lr:64|reg:16|~6~4)
   -      6     -    B    24        OR2                3    1    0   16  |k1804:30|stack:35|:65
   -      -     4    A    --   MEM_SGMT                4    1    1    1  |LPM_ROM:3|altrom:srom|segment0_0
   -      -     1    A    --   MEM_SGMT                4    1    1    1  |LPM_ROM:3|altrom:srom|segment0_1
   -      -     3    A    --   MEM_SGMT                4    1    1    1  |LPM_ROM:3|altrom:srom|segment0_2
   -      -     8    A    --   MEM_SGMT                4    1    1    1  |LPM_ROM:3|altrom:srom|segment0_3
   -      2     -    A    21        OR2    s           3    0    0    1  |mux41:2|Q~1 (|mux41:2|~6~1)
   -      4     -    A    21        OR2    s           3    0    0    1  |mux41:2|Q~2 (|mux41:2|~6~2)
   -      3     -    A    21        OR2                1    2    1    4  |mux41:2|Q (|mux41:2|:6)


Code:

s = Synthesized pin or logic cell
+ = Synchronous flipflop
/ = Slow slew-rate output
! = NOT gate push-back
r = Fitter-inserted logic cell
p = Packed register


Device-Specific Information:                              d:\sss\lab1\lab1.rpt
lab1

** FASTTRACK INTERCONNECT UTILIZATION **

Row FastTrack Interconnect:

          Global         Left Half-      Right Half-
         FastTrack       FastTrack       FastTrack 
Row     Interconnect    Interconnect    Interconnect    Input Pins     Output Pins     Bidir Pins
A:       7/ 96(  7%)     0/ 48(  0%)     2/ 48(  4%)    5/16( 31%)      4/16( 25%)     0/16(  0%)
B:       9/ 96(  9%)     0/ 48(  0%)    18/ 48( 37%)    5/16( 31%)      4/16( 25%)     0/16(  0%)
C:       3/ 96(  3%)     1/ 48(  2%)     1/ 48(  2%)    0/16(  0%)      5/16( 31%)     0/16(  0%)


Column FastTrack Interconnect:

         FastTrack                                 
Column  Interconnect    Input Pins     Output Pins     Bidir Pins
01:      0/24(  0%)     0/4(  0%)      0/4(  0%)       0/4(  0%)
02:      0/24(  0%)     0/4(  0%)      0/4(  0%)       0/4(  0%)
03:      0/24(  0%)     0/4(  0%)      0/4(  0%)       0/4(  0%)
04:      0/24(  0%)     0/4(  0%)      0/4(  0%)       0/4(  0%)
05:      0/24(  0%)     0/4(  0%)      0/4(  0%)       0/4(  0%)
06:      0/24(  0%)     0/4(  0%)      0/4(  0%)       0/4(  0%)
07:      0/24(  0%)     0/4(  0%)      0/4(  0%)       0/4(  0%)
08:      0/24(  0%)     0/4(  0%)      0/4(  0%)       0/4(  0%)
09:      0/24(  0%)     0/4(  0%)      0/4(  0%)       0/4(  0%)
10:      0/24(  0%)     0/4(  0%)      0/4(  0%)       0/4(  0%)
11:      0/24(  0%)     0/4(  0%)      0/4(  0%)       0/4(  0%)
12:      0/24(  0%)     0/4(  0%)      0/4(  0%)       0/4(  0%)
13:      1/24(  4%)     1/4( 25%)      0/4(  0%)       0/4(  0%)
14:      0/24(  0%)     0/4(  0%)      0/4(  0%)       0/4(  0%)
15:      0/24(  0%)     0/4(  0%)      0/4(  0%)       0/4(  0%)
16:      1/24(  4%)     1/4( 25%)      0/4(  0%)       0/4(  0%)
17:      1/24(  4%)     1/4( 25%)      0/4(  0%)       0/4(  0%)
18:      1/24(  4%)     1/4( 25%)      0/4(  0%)       0/4(  0%)
19:      0/24(  0%)     0/4(  0%)      0/4(  0%)       0/4(  0%)
20:      2/24(  8%)     1/4( 25%)      0/4(  0%)       0/4(  0%)
21:      0/24(  0%)     0/4(  0%)      0/4(  0%)       0/4(  0%)
22:      1/24(  4%)     1/4( 25%)      0/4(  0%)       0/4(  0%)
23:      0/24(  0%)     0/4(  0%)      0/4(  0%)       0/4(  0%)
24:      1/24(  4%)     1/4( 25%)      0/4(  0%)       0/4(  0%)
EA:      3/24( 12%)     0/4(  0%)      0/4(  0%)       0/4(  0%)


Device-Specific Information:                              d:\sss\lab1\lab1.rpt
lab1

** CLOCK SIGNALS **

Type     Fan-out       Name
LCELL       16         |k1804:30|stack:35|:65
INPUT        9         T


Device-Specific Information:                              d:\sss\lab1\lab1.rpt
lab1

** EQUATIONS **

CT0      : INPUT;
CT1      : INPUT;
CT2      : INPUT;
CT3      : INPUT;
C4       : INPUT;
D0       : INPUT;
D1       : INPUT;
D2       : INPUT;
D3       : INPUT;
F3       : INPUT;
KEY      : INPUT;
OVR      : INPUT;
P0       : INPUT;
P1       : INPUT;
P2       : INPUT;
P3       : INPUT;
RGMk     : INPUT;
R0       : INPUT;
R1       : INPUT;
R2       : INPUT;
R3       : INPUT;
T        : INPUT;
Z        : INPUT;

-- Node name is 'A0' 
-- Equation name is 'A0', type is output 
A0       =  _LC3_A21;

-- Node name is 'A1~1' 
-- Equation name is 'A1~1', location is LC8_A21, type is buried.
-- synthesized logic cell 
_LC8_A21 = LCELL( P0);

-- Node name is 'A1' 
-- Equation name is 'A1', type is output 
A1       =  _LC8_A21;

-- Node name is 'A2~1' 
-- Equation name is 'A2~1', location is LC1_A21, type is buried.
-- synthesized logic cell 
_LC1_A21 = LCELL( P1);

-- Node name is 'A2' 
-- Equation name is 'A2', type is output 
A2       =  _LC1_A21;

-- Node name is 'A3~1' 
-- Equation name is 'A3~1', location is LC3_C23, type is buried.
-- synthesized logic cell 
_LC3_C23 = LCELL( P2);

-- Node name is 'A3' 
-- Equation name is 'A3', type is output 
A3       =  _LC3_C23;

-- Node name is 'A4~1' 
-- Equation name is 'A4~1', location is LC5_C3, type is buried.
-- synthesized logic cell 
_LC5_C3  = LCELL( P3);

-- Node name is 'A4' 
-- Equation name is 'A4', type is output 
A4       =  _LC5_C3;

-- Node name is 'W0' 
-- Equation name is 'W0', type is output 
W0       =  _EC4_A;

-- Node name is 'W1' 
-- Equation name is 'W1', type is output 
W1       =  _EC1_A;

-- Node name is 'W2' 
-- Equation name is 'W2', type is output 
W2       =  _EC3_A;

-- Node name is 'W3' 
-- Equation name is 'W3', type is output 
W3       =  _EC8_A;

-- Node name is 'Y0' 
-- Equation name is 'Y0', type is output 
Y0       =  _LC5_B15;

-- Node name is 'Y1' 
-- Equation name is 'Y1', type is output 
Y1       =  _LC6_B22;

-- Node name is 'Y2' 
-- Equation name is 'Y2', type is output 
Y2       =  _LC2_B14;

-- Node name is 'Y3' 
-- Equation name is 'Y3', type is output 
Y3       =  _LC1_B23;

-- Node name is '|busmux21:4|21mux:1|:5' = '|busmux21:4|21mux:1|Y' 
-- Equation name is '_LC4_B24', type is buried 
_LC4_B24 = LCELL( _EQ001);
  _EQ001 =  _EC1_A &  KEY
         #  CT1 & !KEY;

-- Node name is '|busmux21:4|21mux:3|:5' = '|busmux21:4|21mux:3|Y' 
-- Equation name is '_LC3_B24', type is buried 
_LC3_B24 = LCELL( _EQ002);
  _EQ002 =  _EC3_A &  KEY
         #  CT2 & !KEY;

-- Node name is '|busmux21:4|21mux:4|:5' = '|busmux21:4|21mux:4|Y' 
-- Equation name is '_LC1_A20', type is buried 
_LC1_A20 = LCELL( _EQ003);
  _EQ003 =  _EC8_A &  KEY
         #  CT3 & !KEY;

-- Node name is '|k1804:30|bus4mux41:30|mux41:1|:6' = '|k1804:30|bus4mux41:30|mux41:1|Q' 
-- Equation name is '_LC6_B22', type is buried 
_LC6_B22 = LCELL( _EQ004);
  _EQ004 = !_LC3_B24 &  _LC5_B22
         #  _LC3_B24 &  _LC7_B22;

-- Node name is '|k1804:30|bus4mux41:30|mux41:1|~6~1' = '|k1804:30|bus4mux41:30|mux41:1|Q~1' 
-- Equation name is '_LC5_B22', type is buried 
-- synthesized logic cell 
_LC5_B22 = LCELL( _EQ005);
  _EQ005 =  _LC1_A20 &  _LC4_B22
         # !_LC1_A20 &  _LC2_B24;

-- Node name is '|k1804:30|bus4mux41:30|mux41:1|~6~2' = '|k1804:30|bus4mux41:30|mux41:1|Q~2' 
-- Equation name is '_LC7_B22', type is buried 
-- synthesized logic cell 
_LC7_B22 = LCELL( _EQ006);
  _EQ006 = !_LC1_A20 &  _LC8_B22
         #  D1 &  _LC1_A20;

-- Node name is '|k1804:30|bus4mux41:30|mux41:2|:6' = '|k1804:30|bus4mux41:30|mux41:2|Q' 
-- Equation name is '_LC2_B14', type is buried 
_LC2_B14 = LCELL( _EQ007);
  _EQ007 = !_LC3_B24 &  _LC6_B14
         #  _LC3_B24 &  _LC7_B14;

-- Node name is '|k1804:30|bus4mux41:30|mux41:2|~6~1' = '|k1804:30|bus4mux41:30|mux41:2|Q~1' 
-- Equation name is '_LC6_B14', type is buried 
-- synthesized logic cell 
_LC6_B14 = LCELL( _EQ008);
  _EQ008 =  _LC1_A20 &  _LC5_B14
         # !_LC1_A20 &  _LC5_B24;

-- Node name is '|k1804:30|bus4mux41:30|mux41:2|~6~2' = '|k1804:30|bus4mux41:30|mux41:2|Q~2' 
-- Equation name is '_LC7_B14', type is buried 
-- synthesized logic cell 
_LC7_B14 = LCELL( _EQ009);
  _EQ009 = !_LC1_A20 &  _LC8_B14
         #  D2 &  _LC1_A20;

-- Node name is '|k1804:30|bus4mux41:30|mux41:3|:6' = '|k1804:30|bus4mux41:30|mux41:3|Q' 
-- Equation name is '_LC1_B23', type is buried 
_LC1_B23 = LCELL( _EQ010);
  _EQ010 = !_LC3_B24 &  _LC6_B23
         #  _LC3_B24 &  _LC7_B23;

-- Node name is '|k1804:30|bus4mux41:30|mux41:3|~6~1' = '|k1804:30|bus4mux41:30|mux41:3|Q~1' 
-- Equation name is '_LC6_B23', type is buried 
-- synthesized logic cell 
_LC6_B23 = LCELL( _EQ011);
  _EQ011 =  _LC1_A20 &  _LC5_B23
         # !_LC1_A20 &  _LC1_B24;

-- Node name is '|k1804:30|bus4mux41:30|mux41:3|~6~2' = '|k1804:30|bus4mux41:30|mux41:3|Q~2' 
-- Equation name is '_LC7_B23', type is buried 
-- synthesized logic cell 
_LC7_B23 = LCELL( _EQ012);
  _EQ012 = !_LC1_A20 &  _LC8_B23
         #  D3 &  _LC1_A20;

-- Node name is '|k1804:30|bus4mux41:30|mux41:4|:6' = '|k1804:30|bus4mux41:30|mux41:4|Q' 
-- Equation name is '_LC5_B15', type is buried 
_LC5_B15 = LCELL( _EQ013);
  _EQ013 = !_LC3_B24 &  _LC6_B15
         #  _LC3_B24 &  _LC7_B15;

-- Node name is '|k1804:30|bus4mux41:30|mux41:4|~6~1' = '|k1804:30|bus4mux41:30|mux41:4|Q~1' 
-- Equation name is '_LC6_B15', type is buried 
-- synthesized logic cell 
_LC6_B15 = LCELL( _EQ014);
  _EQ014 =  _LC1_A20 &  _LC4_B15
         # !_LC1_A20 &  _LC8_B24;

-- Node name is '|k1804:30|bus4mux41:30|mux41:4|~6~2' = '|k1804:30|bus4mux41:30|mux41:4|Q~2' 
-- Equation name is '_LC7_B15', type is buried 
-- synthesized logic cell 
_LC7_B15 = LCELL( _EQ015);
  _EQ015 = !_LC1_A20 &  _LC8_B15
         #  D0 &  _LC1_A20;

-- Node name is '|k1804:30|incr:28|:4' = '|k1804:30|incr:28|C1' 
-- Equation name is '_LC7_B24', type is buried 
_LC7_B24 = LCELL( _EQ016);
  _EQ016 =  _LC5_B15 &  RGMk;

-- Node name is '|k1804:30|rg:3|~4~1' = '|k1804:30|rg:3|Q0' 
-- Equation name is '_LC8_B15', type is buried 
_LC8_B15 = DFFE( R0, GLOBAL( T),  VCC,  VCC,  VCC);

-- Node name is '|k1804:30|rg:3|~4~2' = '|k1804:30|rg:3|Q1' 
-- Equation name is '_LC8_B22', type is buried 
_LC8_B22 = DFFE( R1, GLOBAL( T),  VCC,  VCC,  VCC);

-- Node name is '|k1804:30|rg:3|~4~3' = '|k1804:30|rg:3|Q2' 
-- Equation name is '_LC8_B14', type is buried 
_LC8_B14 = DFFE( R2, GLOBAL( T),  VCC,  VCC,  VCC);

-- Node name is '|k1804:30|rg:3|~4~4' = '|k1804:30|rg:3|Q3' 
-- Equation name is '_LC8_B23', type is buried 
_LC8_B23 = DFFE( R3, GLOBAL( T),  VCC,  VCC,  VCC);

-- Node name is '|k1804:30|rg:5|~4~1' = '|k1804:30|rg:5|Q0' 
-- Equation name is '_LC8_B24', type is buried 
_LC8_B24 = DFFE( _EQ017, GLOBAL( T),  VCC,  VCC,  VCC);
  _EQ017 =  _LC5_B15 & !RGMk
         # !_LC5_B15 &  RGMk;

-- Node name is '|k1804:30|rg:5|~4~2' = '|k1804:30|rg:5|Q1' 
-- Equation name is '_LC2_B24', type is buried 
_LC2_B24 = DFFE( _EQ018, GLOBAL( T),  VCC,  VCC,  VCC);
  _EQ018 =  _LC6_B22 & !_LC7_B24
         # !_LC6_B22 &  _LC7_B24;

-- Node name is '|k1804:30|rg:5|~4~3' = '|k1804:30|rg:5|Q2' 
-- Equation name is '_LC5_B24', type is buried 
_LC5_B24 = DFFE( _EQ019, GLOBAL( T),  VCC,  VCC,  VCC);
  _EQ019 =  _LC2_B14 & !_LC6_B22
         #  _LC2_B14 & !_LC7_B24
         # !_LC2_B14 &  _LC6_B22 &  _LC7_B24;

-- Node name is '|k1804:30|rg:5|~4~4' = '|k1804:30|rg:5|Q3' 
-- Equation name is '_LC1_B24', type is buried 
_LC1_B24 = DFFE( _EQ020, GLOBAL( T),  VCC,  VCC,  VCC);
  _EQ020 = !_LC1_B23 &  _LC2_B14 &  _LC6_B22 &  _LC7_B24
         #  _LC1_B23 & !_LC6_B22
         #  _LC1_B23 & !_LC7_B24
         #  _LC1_B23 & !_LC2_B14;

-- Node name is '|k1804:30|stack:35|rg_lr:61|reg:16|~6~1' = '|k1804:30|stack:35|rg_lr:61|reg:16|Q0' 
-- Equation name is '_LC4_B15', type is buried 
_LC4_B15 = DFFE( _EQ021,  _LC6_B24,  VCC,  VCC,  VCC);
  _EQ021 =  _LC3_B15 & !_LC4_B24
         #  _LC4_B24 &  _LC8_B24;

-- Node name is '|k1804:30|stack:35|rg_lr:61|reg:16|~6~2' = '|k1804:30|stack:35|rg_lr:61|reg:16|Q1' 
-- Equation name is '_LC4_B22', type is buried 
_LC4_B22 = DFFE( _EQ022,  _LC6_B24,  VCC,  VCC,  VCC);
  _EQ022 =  _LC3_B22 & !_LC4_B24
         #  _LC2_B24 &  _LC4_B24;

-- Node name is '|k1804:30|stack:35|rg_lr:61|reg:16|~6~3' = '|k1804:30|stack:35|rg_lr:61|reg:16|Q2' 
-- Equation name is '_LC5_B14', type is buried 
_LC5_B14 = DFFE( _EQ023,  _LC6_B24,  VCC,  VCC,  VCC);
  _EQ023 =  _LC4_B14 & !_LC4_B24
         #  _LC4_B24 &  _LC5_B24;

-- Node name is '|k1804:30|stack:35|rg_lr:61|reg:16|~6~4' = '|k1804:30|stack:35|rg_lr:61|reg:16|Q3' 
-- Equation name is '_LC5_B23', type is buried 
_LC5_B23 = DFFE( _EQ024,  _LC6_B24,  VCC,  VCC,  VCC);
  _EQ024 =  _LC4_B23 & !_LC4_B24
         #  _LC1_B24 &  _LC4_B24;

-- Node name is '|k1804:30|stack:35|rg_lr:62|reg:16|~6~1' = '|k1804:30|stack:35|rg_lr:62|reg:16|Q0' 
-- Equation name is '_LC3_B15', type is buried 
_LC3_B15 = DFFE( _EQ025,  _LC6_B24,  VCC,  VCC,  VCC);
  _EQ025 =  _LC2_B15 & !_LC4_B24
         #  _LC4_B15 &  _LC4_B24;

-- Node name is '|k1804:30|stack:35|rg_lr:62|reg:16|~6~2' = '|k1804:30|stack:35|rg_lr:62|reg:16|Q1' 
-- Equation name is '_LC3_B22', type is buried 
_LC3_B22 = DFFE( _EQ026,  _LC6_B24,  VCC,  VCC,  VCC);
  _EQ026 =  _LC2_B22 & !_LC4_B24
         #  _LC4_B22 &  _LC4_B24;

-- Node name is '|k1804:30|stack:35|rg_lr:62|reg:16|~6~3' = '|k1804:30|stack:35|rg_lr:62|reg:16|Q2' 
-- Equation name is '_LC4_B14', type is buried 
_LC4_B14 = DFFE( _EQ027,  _LC6_B24,  VCC,  VCC,  VCC);
  _EQ027 =  _LC3_B14 & !_LC4_B24
         #  _LC4_B24 &  _LC5_B14;

-- Node name is '|k1804:30|stack:35|rg_lr:62|reg:16|~6~4' = '|k1804:30|stack:35|rg_lr:62|reg:16|Q3' 
-- Equation name is '_LC4_B23', type is buried 
_LC4_B23 = DFFE( _EQ028,  _LC6_B24,  VCC,  VCC,  VCC);
  _EQ028 =  _LC3_B23 & !_LC4_B24
         #  _LC4_B24 &  _LC5_B23;

-- Node name is '|k1804:30|stack:35|rg_lr:63|reg:16|~6~1' = '|k1804:30|stack:35|rg_lr:63|reg:16|Q0' 
-- Equation name is '_LC2_B15', type is buried 
_LC2_B15 = DFFE( _EQ029,  _LC6_B24,  VCC,  VCC,  VCC);
  _EQ029 =  _LC3_B15 &  _LC4_B24
         #  _LC1_B15 & !_LC4_B24;

-- Node name is '|k1804:30|stack:35|rg_lr:63|reg:16|~6~2' = '|k1804:30|stack:35|rg_lr:63|reg:16|Q1' 
-- Equation name is '_LC2_B22', type is buried 
_LC2_B22 = DFFE( _EQ030,  _LC6_B24,  VCC,  VCC,  VCC);
  _EQ030 =  _LC3_B22 &  _LC4_B24
         #  _LC1_B22 & !_LC4_B24;

-- Node name is '|k1804:30|stack:35|rg_lr:63|reg:16|~6~3' = '|k1804:30|stack:35|rg_lr:63|reg:16|Q2' 
-- Equation name is '_LC3_B14', type is buried 
_LC3_B14 = DFFE( _EQ031,  _LC6_B24,  VCC,  VCC,  VCC);
  _EQ031 =  _LC4_B14 &  _LC4_B24
         #  _LC1_B14 & !_LC4_B24;

-- Node name is '|k1804:30|stack:35|rg_lr:63|reg:16|~6~4' = '|k1804:30|stack:35|rg_lr:63|reg:16|Q3' 
-- Equation name is '_LC3_B23', type is buried 
_LC3_B23 = DFFE( _EQ032,  _LC6_B24,  VCC,  VCC,  VCC);
  _EQ032 =  _LC4_B23 &  _LC4_B24
         #  _LC2_B23 & !_LC4_B24;

-- Node name is '|k1804:30|stack:35|rg_lr:64|reg:16|~6~1' = '|k1804:30|stack:35|rg_lr:64|reg:16|Q0' 
-- Equation name is '_LC1_B15', type is buried 
_LC1_B15 = DFFE( _EQ033,  _LC6_B24,  VCC,  VCC,  VCC);
  _EQ033 =  _LC2_B15 &  _LC4_B24;

-- Node name is '|k1804:30|stack:35|rg_lr:64|reg:16|~6~2' = '|k1804:30|stack:35|rg_lr:64|reg:16|Q1' 
-- Equation name is '_LC1_B22', type is buried 
_LC1_B22 = DFFE( _EQ034,  _LC6_B24,  VCC,  VCC,  VCC);
  _EQ034 =  _LC2_B22 &  _LC4_B24;

-- Node name is '|k1804:30|stack:35|rg_lr:64|reg:16|~6~3' = '|k1804:30|stack:35|rg_lr:64|reg:16|Q2' 
-- Equation name is '_LC1_B14', type is buried 
_LC1_B14 = DFFE( _EQ035,  _LC6_B24,  VCC,  VCC,  VCC);
  _EQ035 =  _LC3_B14 &  _LC4_B24;

-- Node name is '|k1804:30|stack:35|rg_lr:64|reg:16|~6~4' = '|k1804:30|stack:35|rg_lr:64|reg:16|Q3' 
-- Equation name is '_LC2_B23', type is buried 
_LC2_B23 = DFFE( _EQ036,  _LC6_B24,  VCC,  VCC,  VCC);
  _EQ036 =  _LC3_B23 &  _LC4_B24;

-- Node name is '|k1804:30|stack:35|:65' 
-- Equation name is '_LC6_B24', type is buried 
_LC6_B24 = LCELL( _EQ037);
  _EQ037 = !_EC4_A &  KEY & !T
         # !CT0 & !_EC4_A & !T
         # !CT0 & !KEY & !T;

-- Node name is '|mux41:2|:6' = '|mux41:2|Q' 
-- Equation name is '_LC3_A21', type is buried 
_LC3_A21 = LCELL( _EQ038);
  _EQ038 =  _LC2_A21 & !P0
         #  _LC4_A21 &  P0;

-- Node name is '|mux41:2|~6~1' = '|mux41:2|Q~1' 
-- Equation name is '_LC2_A21', type is buried 
-- synthesized logic cell 
_LC2_A21 = LCELL( _EQ039);
  _EQ039 =  OVR &  P1
         # !P1 &  Z;

-- Node name is '|mux41:2|~6~2' = '|mux41:2|Q~2' 
-- Equation name is '_LC4_A21', type is buried 
-- synthesized logic cell 
_LC4_A21 = LCELL( _EQ040);
  _EQ040 =  C4 &  P1
         #  F3 & !P1;

-- Node name is '|LPM_ROM:3|altrom:srom|segment0_0' from file "altrom.tdf" line 92, column 11
-- Equation name is '_EC4_A', type is memory 
_EC4_A   = MEMORY_SEGMENT( VCC, VCC, VCC, GND, VCC, _LC3_A21, P0, P1, P2, P3, VCC, VCC, VCC, VCC, VCC, VCC,);

-- Node name is '|LPM_ROM:3|altrom:srom|segment0_1' from file "altrom.tdf" line 92, column 11
-- Equation name is '_EC1_A', type is memory 
_EC1_A   = MEMORY_SEGMENT( VCC, VCC, VCC, GND, VCC, _LC3_A21, P0, P1, P2, P3, VCC, VCC, VCC, VCC, VCC, VCC,);

-- Node name is '|LPM_ROM:3|altrom:srom|segment0_2' from file "altrom.tdf" line 92, column 11
-- Equation name is '_EC3_A', type is memory 
_EC3_A   = MEMORY_SEGMENT( VCC, VCC, VCC, GND, VCC, _LC3_A21, P0, P1, P2, P3, VCC, VCC, VCC, VCC, VCC, VCC,);

-- Node name is '|LPM_ROM:3|altrom:srom|segment0_3' from file "altrom.tdf" line 92, column 11
-- Equation name is '_EC8_A', type is memory 
_EC8_A   = MEMORY_SEGMENT( VCC, VCC, VCC, GND, VCC, _LC3_A21, P0, P1, P2, P3, VCC, VCC, VCC, VCC, VCC, VCC,);



Project Information                                       d:\sss\lab1\lab1.rpt

** COMPILATION SETTINGS & TIMES **

Processing Menu Commands
------------------------

Design Doctor                             = off

Logic Synthesis:

   Synthesis Type Used                    = Multi-Level

   Default Synthesis Style                = NORMAL

      Logic option settings in 'NORMAL' style for 'FLEX10K' family

      CARRY_CHAIN                         = ignore
      CARRY_CHAIN_LENGTH                  = 32
      CASCADE_CHAIN                       = ignore
      CASCADE_CHAIN_LENGTH                = 2
      DECOMPOSE_GATES                     = on
      DUPLICATE_LOGIC_EXTRACTION          = on
      MINIMIZATION                        = full
      MULTI_LEVEL_FACTORING               = on
      NOT_GATE_PUSH_BACK                  = on
      REDUCE_LOGIC                        = on
      REFACTORIZATION                     = on
      REGISTER_OPTIMIZATION               = on
      RESYNTHESIZE_NETWORK                = on
      SLOW_SLEW_RATE                      = off
      SUBFACTOR_EXTRACTION                = on
      IGNORE_SOFT_BUFFERS                 = on
      USE_LPM_FOR_AHDL_OPERATORS          = off

   Other logic synthesis settings:

      Automatic Global Clock              = on
      Automatic Global Clear              = on
      Automatic Global Preset             = on
      Automatic Global Output Enable      = on
      Automatic Fast I/O                  = off
      Automatic Register Packing          = off
      Automatic Open-Drain Pins           = on
      Automatic Implement in EAB          = off
      Optimize                            = 5

Default Timing Specifications: None

Cut All Bidir Feedback Timing Paths       = on
Cut All Clear & Preset Timing Paths       = on

Ignore Timing Assignments                 = off

Functional SNF Extractor                  = off

Linked SNF Extractor                      = off
Timing SNF Extractor                      = on
Optimize Timing SNF                       = off
Generate AHDL TDO File                    = off
Fitter Settings                           = NORMAL
Use Quartus Fitter                        = on
Smart Recompile                           = off
Total Recompile                           = off

Interfaces Menu Commands
------------------------

EDIF Netlist Writer                       = off
Verilog Netlist Writer                    = off
VHDL Netlist Writer                       = off

Compilation Times
-----------------

   Compiler Netlist Extractor             00:00:00
   Database Builder                       00:00:00
   Logic Synthesizer                      00:00:00
   Partitioner                            00:00:00
   Fitter                                 00:00:00
   Timing SNF Extractor                   00:00:00
   Assembler                              00:00:00
   --------------------------             --------
   Total Time                             00:00:00


Memory Allocated
-----------------

Peak memory allocated during compilation  = 9,706K
